Log file open, 11/19/17 18:24:35
LogWindows: Failed to load 'aqProf.dll' (GetLastError=126)
LogWindows: File 'aqProf.dll' does not exist
LogWindows: Failed to load 'VtuneApi.dll' (GetLastError=126)
LogWindows: File 'VtuneApi.dll' does not exist
LogWindows: Failed to load 'VtuneApi32e.dll' (GetLastError=126)
LogWindows: File 'VtuneApi32e.dll' does not exist
LogInit: Display: Running engine for game: GunSmokeFP
LogPlatformFile: Not using cached read wrapper
LogInit: Display: RandInit(-1173034492) SRandInit(-1173034492).
LogInit: Read version file with build ID 'f0df94e5-4754-4421-9c82-fee1e455a956'
LogInit: Registered custom module enumerator with build ID 'f0df94e5-4754-4421-9c82-fee1e455a956'
LogTaskGraph: Started task graph with 5 named threads and 14 total threads with 3 sets of task threads.
LogStats: Stats thread started at 0.188496
LogD3D11RHI: Aftermath initialized
LogModuleManager: Display: Found up-to-date module file ../../../Engine/Plugins/2D/Paper2D/Binaries/Win64/UE4Editor-Paper2D.dll (API version 0).
LogModuleManager: Display: Found up-to-date module file ../../../Engine/Plugins/2D/Paper2D/Binaries/Win64/UE4Editor-Paper2DEditor.dll (API version 0).
LogModuleManager: Display: Found up-to-date module file ../../../Engine/Plugins/2D/Paper2D/Binaries/Win64/UE4Editor-PaperSpriteSheetImporter.dll (API version 0).
LogModuleManager: Display: Found up-to-date module file ../../../Engine/Plugins/2D/Paper2D/Binaries/Win64/UE4Editor-PaperTiledImporter.dll (API version 0).
LogModuleManager: Display: Found up-to-date module file ../../../Engine/Plugins/2D/Paper2D/Binaries/Win64/UE4Editor-SmartSnapping.dll (API version 0).
LogModuleManager: Display: Found up-to-date module file ../../../Engine/Plugins/Blendables/LightPropagationVolume/Binaries/Win64/UE4Editor-LightPropagationVolumeRuntime.dll (API version 0).
LogModuleManager: Display: Found up-to-date module file ../../../Engine/Plugins/Blendables/LightPropagationVolume/Binaries/Win64/UE4Editor-LightPropagationVolumeEditor.dll (API version 0).
LogModuleManager: Display: Found up-to-date module file ../../../Engine/Plugins/Developer/GitSourceControl/Binaries/Win64/UE4Editor-GitSourceControl.dll (API version 0).
LogModuleManager: Display: Found up-to-date module file ../../../Engine/Plugins/Developer/PerforceSourceControl/Binaries/Win64/UE4Editor-PerforceSourceControl.dll (API version 0).
LogModuleManager: Display: Found up-to-date module file ../../../Engine/Plugins/Developer/SubversionSourceControl/Binaries/Win64/UE4Editor-SubversionSourceControl.dll (API version 0).
LogModuleManager: Display: Found up-to-date module file ../../../Engine/Plugins/Developer/UObjectPlugin/Binaries/Win64/UE4Editor-UObjectPlugin.dll (API version 0).
LogModuleManager: Display: Found up-to-date module file ../../../Engine/Plugins/Developer/VisualStudioCodeSourceCodeAccess/Binaries/Win64/UE4Editor-VisualStudioCodeSourceCodeAccess.dll (API version 0).
LogModuleManager: Display: Found up-to-date module file ../../../Engine/Plugins/Developer/VisualStudioSourceCodeAccess/Binaries/Win64/UE4Editor-VisualStudioSourceCodeAccess.dll (API version 0).
LogModuleManager: Display: Found up-to-date module file ../../../Engine/Plugins/Editor/AssetManagerEditor/Binaries/Win64/UE4Editor-AssetManagerEditor.dll (API version 0).
LogModuleManager: Display: Found up-to-date module file ../../../Engine/Plugins/Editor/AudioCapture/Binaries/Win64/UE4Editor-AudioCapture.dll (API version 0).
LogModuleManager: Display: Found up-to-date module file ../../../Engine/Plugins/Editor/FacialAnimation/Binaries/Win64/UE4Editor-FacialAnimation.dll (API version 0).
LogModuleManager: Display: Found up-to-date module file ../../../Engine/Plugins/Editor/FacialAnimation/Binaries/Win64/UE4Editor-FacialAnimationEditor.dll (API version 0).
LogModuleManager: Display: Found up-to-date module file ../../../Engine/Plugins/Editor/GameplayTagsEditor/Binaries/Win64/UE4Editor-GameplayTagsEditor.dll (API version 0).
LogModuleManager: Display: Found up-to-date module file ../../../Engine/Plugins/Editor/MobileLauncherProfileWizard/Binaries/Win64/UE4Editor-MobileLauncherProfileWizard.dll (API version 0).
LogModuleManager: Display: Found up-to-date module file ../../../Engine/Plugins/Editor/PluginBrowser/Binaries/Win64/UE4Editor-PluginBrowser.dll (API version 0).
LogModuleManager: Display: Found up-to-date module file ../../../Engine/Plugins/Editor/SpeedTreeImporter/Binaries/Win64/UE4Editor-SpeedTreeImporter.dll (API version 0).
LogModuleManager: Display: Found up-to-date module file ../../../Engine/Plugins/Experimental/AlembicImporter/Binaries/Win64/UE4Editor-AlembicImporter.dll (API version 0).
LogModuleManager: Display: Found up-to-date module file ../../../Engine/Plugins/Experimental/AlembicImporter/Binaries/Win64/UE4Editor-AlembicLibrary.dll (API version 0).
LogModuleManager: Display: Found up-to-date module file ../../../Engine/Plugins/Experimental/CharacterAI/Binaries/Win64/UE4Editor-CharacterAI.dll (API version 0).
LogModuleManager: Display: Found up-to-date module file ../../../Engine/Plugins/Experimental/HTML5Networking/Binaries/Win64/UE4Editor-HTML5Networking.dll (API version 0).
LogModuleManager: Display: Found up-to-date module file ../../../Engine/Plugins/Media/AndroidMedia/Binaries/Win64/UE4Editor-AndroidMediaEditor.dll (API version 0).
LogModuleManager: Display: Found up-to-date module file ../../../Engine/Plugins/Media/AndroidMedia/Binaries/Win64/UE4Editor-AndroidMediaFactory.dll (API version 0).
LogModuleManager: Display: Found up-to-date module file ../../../Engine/Plugins/Media/AvfMedia/Binaries/Win64/UE4Editor-AvfMediaEditor.dll (API version 0).
LogModuleManager: Display: Found up-to-date module file ../../../Engine/Plugins/Media/AvfMedia/Binaries/Win64/UE4Editor-AvfMediaFactory.dll (API version 0).
LogModuleManager: Display: Found up-to-date module file ../../../Engine/Plugins/Media/AvfMedia/Binaries/Win64/UE4Editor-AvfMediaFactory.dll (API version 0).
LogModuleManager: Display: Found up-to-date module file ../../../Engine/Plugins/Media/ImgMedia/Binaries/Win64/UE4Editor-ImgMedia.dll (API version 0).
LogModuleManager: Display: Found up-to-date module file ../../../Engine/Plugins/Media/ImgMedia/Binaries/Win64/UE4Editor-ImgMediaEditor.dll (API version 0).
LogModuleManager: Display: Found up-to-date module file ../../../Engine/Plugins/Media/ImgMedia/Binaries/Win64/UE4Editor-ImgMediaFactory.dll (API version 0).
LogModuleManager: Display: Found up-to-date module file ../../../Engine/Plugins/Media/ImgMedia/Binaries/Win64/UE4Editor-ImgMediaFactory.dll (API version 0).
LogModuleManager: Display: Found up-to-date module file ../../../Engine/Plugins/Media/ImgMedia/Binaries/Win64/UE4Editor-OpenExrWrapper.dll (API version 0).
LogModuleManager: Display: Found up-to-date module file ../../../Engine/Plugins/Media/MediaCompositing/Binaries/Win64/UE4Editor-MediaCompositing.dll (API version 0).
LogModuleManager: Display: Found up-to-date module file ../../../Engine/Plugins/Media/MediaCompositing/Binaries/Win64/UE4Editor-MediaCompositingEditor.dll (API version 0).
LogModuleManager: Display: Found up-to-date module file ../../../Engine/Plugins/Media/MediaPlayerEditor/Binaries/Win64/UE4Editor-MediaPlayerEditor.dll (API version 0).
LogModuleManager: Display: Found up-to-date module file ../../../Engine/Plugins/Media/WmfMedia/Binaries/Win64/UE4Editor-WmfMedia.dll (API version 0).
LogModuleManager: Display: Found up-to-date module file ../../../Engine/Plugins/Media/WmfMedia/Binaries/Win64/UE4Editor-WmfMediaEditor.dll (API version 0).
LogModuleManager: Display: Found up-to-date module file ../../../Engine/Plugins/Media/WmfMedia/Binaries/Win64/UE4Editor-WmfMediaFactory.dll (API version 0).
LogModuleManager: Display: Found up-to-date module file ../../../Engine/Plugins/Media/WmfMedia/Binaries/Win64/UE4Editor-WmfMediaFactory.dll (API version 0).
LogModuleManager: Display: Found up-to-date module file ../../../Engine/Plugins/Messaging/TcpMessaging/Binaries/Win64/UE4Editor-TcpMessaging.dll (API version 0).
LogModuleManager: Display: Found up-to-date module file ../../../Engine/Plugins/Messaging/UdpMessaging/Binaries/Win64/UE4Editor-UdpMessaging.dll (API version 0).
LogModuleManager: Display: Found up-to-date module file ../../../Engine/Plugins/MovieScene/ActorSequence/Binaries/Win64/UE4Editor-ActorSequence.dll (API version 0).
LogModuleManager: Display: Found up-to-date module file ../../../Engine/Plugins/MovieScene/LevelSequenceEditor/Binaries/Win64/UE4Editor-LevelSequenceEditor.dll (API version 0).
LogModuleManager: Display: Found up-to-date module file ../../../Engine/Plugins/MovieScene/MatineeToLevelSequence/Binaries/Win64/UE4Editor-MatineeToLevelSequence.dll (API version 0).
LogModuleManager: Display: Found up-to-date module file ../../../Engine/Plugins/Online/OnlineSubsystem/Binaries/Win64/UE4Editor-OnlineSubsystem.dll (API version 0).
LogModuleManager: Display: Found up-to-date module file ../../../Engine/Plugins/Runtime/AndroidPermission/Binaries/Win64/UE4Editor-AndroidPermission.dll (API version 0).
LogModuleManager: Display: Found up-to-date module file ../../../Engine/Plugins/Online/OnlineSubsystemNull/Binaries/Win64/UE4Editor-OnlineSubsystemNull.dll (API version 0).
LogModuleManager: Display: Found up-to-date module file ../../../Engine/Plugins/Online/OnlineSubsystemUtils/Binaries/Win64/UE4Editor-OnlineSubsystemUtils.dll (API version 0).
LogModuleManager: Display: Found up-to-date module file ../../../Engine/Plugins/Online/OnlineSubsystemUtils/Binaries/Win64/UE4Editor-OnlineBlueprintSupport.dll (API version 0).
LogModuleManager: Display: Found up-to-date module file ../../../Engine/Plugins/Runtime/AndroidDeviceProfileSelector/Binaries/Win64/UE4Editor-AndroidDeviceProfileSelector.dll (API version 0).
LogModuleManager: Display: Found up-to-date module file ../../../Engine/Plugins/Runtime/AppleARKit/Binaries/Win64/UE4Editor-AppleARKit.dll (API version 0).
LogModuleManager: Display: Found up-to-date module file ../../../Engine/Plugins/Runtime/ArchVisCharacter/Binaries/Win64/UE4Editor-ArchVisCharacter.dll (API version 0).
LogModuleManager: Display: Found up-to-date module file ../../../Engine/Plugins/Runtime/CableComponent/Binaries/Win64/UE4Editor-CableComponent.dll (API version 0).
LogModuleManager: Display: Found up-to-date module file ../../../Engine/Plugins/Runtime/CustomMeshComponent/Binaries/Win64/UE4Editor-CustomMeshComponent.dll (API version 0).
LogModuleManager: Display: Found up-to-date module file ../../../Engine/Plugins/Runtime/ExampleDeviceProfileSelector/Binaries/Win64/UE4Editor-ExampleDeviceProfileSelector.dll (API version 0).
LogModuleManager: Display: Found up-to-date module file ../../../Engine/Plugins/Runtime/ImmediatePhysics/Binaries/Win64/UE4Editor-ImmediatePhysics.dll (API version 0).
LogModuleManager: Display: Found up-to-date module file ../../../Engine/Plugins/Runtime/ImmediatePhysics/Binaries/Win64/UE4Editor-ImmediatePhysicsEditor.dll (API version 0).
LogModuleManager: Display: Found up-to-date module file ../../../Engine/Plugins/Runtime/LocationServicesBPLibrary/Binaries/Win64/UE4Editor-LocationServicesBPLibrary.dll (API version 0).
LogModuleManager: Display: Found up-to-date module file ../../../Engine/Plugins/Runtime/MobilePatchingUtils/Binaries/Win64/UE4Editor-MobilePatchingUtils.dll (API version 0).
LogModuleManager: Display: Found up-to-date module file ../../../Engine/Plugins/Runtime/Oculus/OculusVR/Binaries/Win64/UE4Editor-OculusHMD.dll (API version 0).
LogModuleManager: Display: Found up-to-date module file ../../../Engine/Plugins/Runtime/Oculus/OculusVR/Binaries/Win64/UE4Editor-OculusInput.dll (API version 0).
LogModuleManager: Display: Found up-to-date module file ../../../Engine/Plugins/Runtime/Oculus/OculusVR/Binaries/Win64/UE4Editor-OculusEditor.dll (API version 0).
LogModuleManager: Display: Found up-to-date module file ../../../Engine/Plugins/Runtime/PhysXVehicles/Binaries/Win64/UE4Editor-PhysXVehicles.dll (API version 0).
LogModuleManager: Display: Found up-to-date module file ../../../Engine/Plugins/Runtime/PhysXVehicles/Binaries/Win64/UE4Editor-PhysXVehiclesEditor.dll (API version 0).
LogModuleManager: Display: Found up-to-date module file ../../../Engine/Plugins/Runtime/ProceduralMeshComponent/Binaries/Win64/UE4Editor-ProceduralMeshComponent.dll (API version 0).
LogModuleManager: Display: Found up-to-date module file ../../../Engine/Plugins/Runtime/ProceduralMeshComponent/Binaries/Win64/UE4Editor-ProceduralMeshComponentEditor.dll (API version 0).
LogModuleManager: Display: Found up-to-date module file ../../../Engine/Plugins/Runtime/RuntimePhysXCooking/Binaries/Win64/UE4Editor-RuntimePhysXCooking.dll (API version 0).
LogModuleManager: Display: Found up-to-date module file ../../../Engine/Plugins/Runtime/Steam/SteamVR/Binaries/Win64/UE4Editor-SteamVR.dll (API version 0).
LogModuleManager: Display: Found up-to-date module file ../../../Engine/Plugins/Runtime/Steam/SteamVR/Binaries/Win64/UE4Editor-SteamVRController.dll (API version 0).
LogModuleManager: Display: Found up-to-date module file ../../../Engine/Plugins/Runtime/WindowsMoviePlayer/Binaries/Win64/UE4Editor-WindowsMoviePlayer.dll (API version 0).
LogPluginManager: Mounting plugin Paper2D
LogPluginManager: Mounting plugin LightPropagationVolume
LogPluginManager: Mounting plugin CodeLiteSourceCodeAccess
LogPluginManager: Mounting plugin GitSourceControl
LogPluginManager: Mounting plugin KDevelopSourceCodeAccess
LogPluginManager: Mounting plugin NullSourceCodeAccess
LogPluginManager: Mounting plugin PerforceSourceControl
LogPluginManager: Mounting plugin SubversionSourceControl
LogPluginManager: Mounting plugin UObjectPlugin
LogPluginManager: Mounting plugin VisualStudioCodeSourceCodeAccess
LogPluginManager: Mounting plugin VisualStudioSourceCodeAccess
LogPluginManager: Mounting plugin XCodeSourceCodeAccess
LogPluginManager: Mounting plugin AssetManagerEditor
LogPluginManager: Mounting plugin AudioCapture
LogPluginManager: Mounting plugin FacialAnimation
LogPluginManager: Mounting plugin GameplayTagsEditor
LogPluginManager: Mounting plugin MobileLauncherProfileWizard
LogPluginManager: Mounting plugin PluginBrowser
LogPluginManager: Mounting plugin SpeedTreeImporter
LogPluginManager: Mounting plugin AlembicImporter
LogPluginManager: Mounting plugin CharacterAI
LogPluginManager: Mounting plugin HTML5Networking
LogPluginManager: Mounting plugin AndroidMedia
LogPluginManager: Mounting plugin AvfMedia
LogPluginManager: Mounting plugin ImgMedia
LogPluginManager: Mounting plugin MediaCompositing
LogPluginManager: Mounting plugin MediaPlayerEditor
LogPluginManager: Mounting plugin WmfMedia
LogPluginManager: Mounting plugin TcpMessaging
LogPluginManager: Mounting plugin UdpMessaging
LogPluginManager: Mounting plugin ActorSequence
LogPluginManager: Mounting plugin LevelSequenceEditor
LogPluginManager: Mounting plugin MatineeToLevelSequence
LogPluginManager: Mounting plugin OnlineSubsystemGooglePlay
LogPluginManager: Mounting plugin OnlineSubsystemIOS
LogPluginManager: Mounting plugin OnlineSubsystem
LogPluginManager: Mounting plugin OnlineSubsystemNull
LogPluginManager: Mounting plugin OnlineSubsystemUtils
LogPluginManager: Mounting plugin AndroidDeviceProfileSelector
LogPluginManager: Mounting plugin AndroidMoviePlayer
LogPluginManager: Mounting plugin AndroidPermission
LogPluginManager: Mounting plugin AppleARKit
LogPluginManager: Mounting plugin AppleMoviePlayer
LogPluginManager: Mounting plugin ArchVisCharacter
LogPluginManager: Mounting plugin CableComponent
LogPluginManager: Mounting plugin CustomMeshComponent
LogPluginManager: Mounting plugin ExampleDeviceProfileSelector
LogPluginManager: Mounting plugin GoogleCloudMessaging
LogPluginManager: Mounting plugin ImmediatePhysics
LogPluginManager: Mounting plugin IOSDeviceProfileSelector
LogPluginManager: Mounting plugin LinuxDeviceProfileSelector
LogPluginManager: Mounting plugin LocationServicesBPLibrary
LogPluginManager: Mounting plugin MobilePatchingUtils
LogPluginManager: Mounting plugin OculusVR
LogPluginManager: Plugin shader directory ../../../Engine/Plugins/Runtime/Oculus/OculusVR/Shaders found
LogPluginManager: Mapping shader source directory ../../../Engine/Plugins/Runtime/Oculus/OculusVR/Shaders to virtual directory /Plugin/OculusVR
LogPluginManager: Mounting plugin PhysXVehicles
LogPluginManager: Mounting plugin ProceduralMeshComponent
LogPluginManager: Mounting plugin RuntimePhysXCooking
LogPluginManager: Mounting plugin SteamVR
LogPluginManager: Mounting plugin WindowsMoviePlayer
LogPluginManager: Mounting plugin ShaderBits-GDC-Pack
LogInit: Using libcurl 7.47.1
LogInit:  - built for x86_64-pc-win32
LogInit:  - supports SSL with OpenSSL/1.0.2g
LogInit:  - supports HTTP deflate (compression) using libz 1.2.8
LogInit:  - other features:
LogInit:      CURL_VERSION_SSL
LogInit:      CURL_VERSION_LIBZ
LogInit:      CURL_VERSION_IPV6
LogInit:      CURL_VERSION_ASYNCHDNS
LogInit:      CURL_VERSION_LARGEFILE
LogInit:      CURL_VERSION_IDN
LogInit:  CurlRequestOptions (configurable via config and command line):
LogInit:  - bVerifyPeer = false  - Libcurl will NOT verify peer certificate
LogInit:  - bUseHttpProxy = false  - Libcurl will NOT use HTTP proxy
LogInit:  - bDontReuseConnections = false  - Libcurl will reuse connections
LogInit:  - CertBundlePath = nullptr  - Libcurl will use whatever was configured at build time.
LogInit: Build: ++UE4+Release-4.18-CL-0
LogInit: Engine Version: 4.18.0-0+++UE4+Release-4.18
LogInit: Compatible Engine Version: 4.18.0-0+++UE4+Release-4.18
LogInit: Net CL: 0
LogDevObjectVersion: Number of dev versions registered: 16
LogDevObjectVersion:   Dev-Blueprints (B0D832E4-1F89-4F0D-ACCF-7EB736FD4AA2): 10
LogDevObjectVersion:   Dev-Build (E1C64328-A22C-4D53-A36C-8E866417BD8C): 0
LogDevObjectVersion:   Dev-Core (375EC13C-06E4-48FB-B500-84F0262A717E): 2
LogDevObjectVersion:   Dev-Editor (E4B068ED-F494-42E9-A231-DA0B2E46BB41): 20
LogDevObjectVersion:   Dev-Framework (CFFC743F-43B0-4480-9391-14DF171D2073): 30
LogDevObjectVersion:   Dev-Mobile (B02B49B5-BB20-44E9-A304-32B752E40360): 0
LogDevObjectVersion:   Dev-Networking (A4E4105C-59A1-49B5-A7C5-40C4547EDFEE): 0
LogDevObjectVersion:   Dev-Online (39C831C9-5AE6-47DC-9A44-9C173E1C8E7C): 0
LogDevObjectVersion:   Dev-Physics (78F01B33-EBEA-4F98-B9B4-84EACCB95AA2): 0
LogDevObjectVersion:   Dev-Platform (6631380F-2D4D-43E0-8009-CF276956A95A): 0
LogDevObjectVersion:   Dev-Rendering (12F88B9F-8875-4AFC-A67C-D90C383ABD29): 20
LogDevObjectVersion:   Dev-Sequencer (7B5AE74C-D270-4C10-A958-57980B212A5A): 4
LogDevObjectVersion:   Dev-VR (D7296918-1DD6-4BDD-9DE2-64A83CC13884): 0
LogDevObjectVersion:   Dev-LoadTimes (C2A15278-BFE7-4AFE-6C17-90FF531DF755): 1
LogDevObjectVersion:   Private-Geometry (6EACA3D4-40EC-4CC1-B786-8BED09428FC5): 1
LogDevObjectVersion:   Dev-AnimPhys (29E575DD-E0A3-4627-9D10-D276232CDCEA): 12
LogInit: Compiled (64-bit): Nov 10 2017 14:20:38
LogInit: Compiled with Visual C++: 19.11.25547.00
LogInit: Build Configuration: Development
LogInit: Branch Name: ++UE4+Release-4.18
LogInit: Command line: 
LogInit: Base directory: D:/GFG/UnrealEngine/Engine/Binaries/Win64/
LogInit: Installed Engine Build: 0
LogInit: Presizing for max 8388607 objects, including 0 objects not considered by GC, pre-allocating 0 bytes for permanent pool.
LogInit: Object subsystem initialized
[2017.11.19-23.24.37:099][  0]LogInit: Selected Device Profile: [Windows]
[2017.11.19-23.24.37:099][  0]LogInit: Applying CVar settings loaded from the selected device profile: [Windows]
[2017.11.19-23.24.37:109][  0]LogInit: Computer: DESKTOP-3QABCT7
[2017.11.19-23.24.37:109][  0]LogInit: User: LevaLRS
[2017.11.19-23.24.37:109][  0]LogInit: CPU Page size=4096, Cores=4
[2017.11.19-23.24.37:109][  0]LogInit: High frequency timer resolution =2.742187 MHz
[2017.11.19-23.24.37:110][  0]LogMemory: Memory total: Physical=7.9GB (8GB approx)
[2017.11.19-23.24.37:110][  0]LogMemory: Platform Memory Stats for Windows
[2017.11.19-23.24.37:110][  0]LogMemory: Process Physical Memory: 271.12 MB used, 271.12 MB peak
[2017.11.19-23.24.37:110][  0]LogMemory: Process Virtual Memory: 263.34 MB used, 263.34 MB peak
[2017.11.19-23.24.37:110][  0]LogMemory: Physical Memory: 3617.54 MB used,  4459.28 MB free, 8076.82 MB total
[2017.11.19-23.24.37:110][  0]LogMemory: Virtual Memory: 634.45 MB used,  4459.28 MB free, 134217728.00 MB total
[2017.11.19-23.24.37:212][  0]LogInit: Using OS detected language (en-US).
[2017.11.19-23.24.37:212][  0]LogInit: Using OS detected locale (en-US).
[2017.11.19-23.24.37:214][  0]LogTextLocalizationManager: No specific localization for 'en-US' exists, so the 'en' localization will be used.
[2017.11.19-23.24.37:644][  0]LogInit: Setting process to per monitor DPI aware
[2017.11.19-23.24.37:930][  0]LogD3D11RHI: D3D11 adapters:
[2017.11.19-23.24.37:997][  0]LogD3D11RHI:    0. 'NVIDIA GeForce GTX 1050' (Feature Level 11_0)
[2017.11.19-23.24.37:997][  0]LogD3D11RHI:       4053/0/4038 MB DedicatedVideo/DedicatedSystem/SharedSystem, Outputs:1, VendorId:0x10de
[2017.11.19-23.24.38:006][  0]LogD3D11RHI:    1. 'Intel(R) HD Graphics 630' (Feature Level 11_0)
[2017.11.19-23.24.38:006][  0]LogD3D11RHI:       128/0/4038 MB DedicatedVideo/DedicatedSystem/SharedSystem, Outputs:0, VendorId:0x8086
[2017.11.19-23.24.38:007][  0]LogD3D11RHI:    2. 'Microsoft Basic Render Driver' (Feature Level 11_0)
[2017.11.19-23.24.38:007][  0]LogD3D11RHI:       0/0/4038 MB DedicatedVideo/DedicatedSystem/SharedSystem, Outputs:0, VendorId:0x1414
[2017.11.19-23.24.38:007][  0]LogD3D11RHI: Chosen D3D11 Adapter: 0
[2017.11.19-23.24.38:012][  0]LogD3D11RHI: Creating new Direct3DDevice
[2017.11.19-23.24.38:012][  0]LogD3D11RHI:     GPU DeviceId: 0x1c8d (for the marketing name, search the web for "GPU Device Id")
[2017.11.19-23.24.38:012][  0]LogWindows: EnumDisplayDevices:
[2017.11.19-23.24.38:013][  0]LogWindows:    0. 'Intel(R) HD Graphics 630' (P:1 D:1)
[2017.11.19-23.24.38:013][  0]LogWindows:    1. 'Intel(R) HD Graphics 630' (P:0 D:0)
[2017.11.19-23.24.38:013][  0]LogWindows:    2. 'Intel(R) HD Graphics 630' (P:0 D:0)
[2017.11.19-23.24.38:013][  0]LogWindows: DebugString: PrimaryIsNotTheChoosenAdapter PrimaryIsNotTheChoosenAdapter PrimaryIsNotTheChoosenAdapter FoundDriverCount:0 
[2017.11.19-23.24.38:013][  0]LogD3D11RHI:     Adapter Name: NVIDIA GeForce GTX 1050
[2017.11.19-23.24.38:013][  0]LogD3D11RHI:   Driver Version: Unknown (internal:Unknown, unified:Unknown)
[2017.11.19-23.24.38:013][  0]LogD3D11RHI:      Driver Date: Unknown
[2017.11.19-23.24.38:013][  0]LogRHI: Texture pool is 2837 MB (70% of 4053 MB)
[2017.11.19-23.24.38:048][  0]LogD3D11RHI: Async texture creation enabled
[2017.11.19-23.24.38:061][  0]LogD3D11RHI: GPU Timing Frequency: 1000.000000 (Debug: 2 1)
[2017.11.19-23.24.38:062][  0]LogShaderCompilers: Guid format shader working directory is 4 characters bigger than the processId version (C:/Users/LevaLRS/Desktop/GunSmoke/GunSmokeFP/Intermediate/Shaders/WorkingDirectory/7684/).
[2017.11.19-23.24.38:062][  0]LogShaderCompilers: Cleaned the shader compiler working directory 'C:/Users/LevaLRS/AppData/Local/Temp/UnrealShaderWorkingDir/0155DE794253E1D2B9A1138A14521EA1/'.
[2017.11.19-23.24.38:062][  0]LogShaderCompilers: Display: Using Local Shader Compiler.
[2017.11.19-23.24.39:009][  0]LogTemp: Display: Loaded TP AllDesktopTargetPlatform
[2017.11.19-23.24.39:047][  0]LogTemp: Display: Loaded TP MacClientTargetPlatform
[2017.11.19-23.24.39:085][  0]LogTemp: Display: Loaded TP MacNoEditorTargetPlatform
[2017.11.19-23.24.39:124][  0]LogTemp: Display: Loaded TP MacServerTargetPlatform
[2017.11.19-23.24.39:162][  0]LogTemp: Display: Loaded TP MacTargetPlatform
[2017.11.19-23.24.39:200][  0]LogTemp: Display: Loaded TP WindowsClientTargetPlatform
[2017.11.19-23.24.39:241][  0]LogTemp: Display: Loaded TP WindowsNoEditorTargetPlatform
[2017.11.19-23.24.39:281][  0]LogTemp: Display: Loaded TP WindowsServerTargetPlatform
[2017.11.19-23.24.39:318][  0]LogTemp: Display: Loaded TP WindowsTargetPlatform
[2017.11.19-23.24.39:358][  0]LogTemp: Display: Loaded TP Android_ASTCTargetPlatform
[2017.11.19-23.24.39:406][  0]LogTemp: Display: Loaded TP Android_ATCTargetPlatform
[2017.11.19-23.24.39:450][  0]LogTemp: Display: Loaded TP Android_DXTTargetPlatform
[2017.11.19-23.24.39:498][  0]LogTemp: Display: Loaded TP Android_ETC1TargetPlatform
[2017.11.19-23.24.39:540][  0]LogTemp: Display: Loaded TP Android_ETC2TargetPlatform
[2017.11.19-23.24.39:625][  0]LogTemp: Display: Loaded TP Android_MultiTargetPlatform
[2017.11.19-23.24.39:625][  0]LogTemp: Display: Loaded TP Android_PVRTCTargetPlatform
[2017.11.19-23.24.39:665][  0]LogTemp: Display: Loaded TP AndroidTargetPlatform
[2017.11.19-23.24.39:698][  0]LogTemp: Display: Loaded TP HTML5TargetPlatform
[2017.11.19-23.24.39:777][  0]LogTemp: Display: Loaded TP IOSTargetPlatform
[2017.11.19-23.24.39:801][  0]LogTemp: Display: Loaded TP TVOSTargetPlatform
[2017.11.19-23.24.39:801][  0]LogTargetPlatformManager: Display: Building Assets For Windows
[2017.11.19-23.24.40:141][  0]LogDerivedDataCache: Display: Max Cache Size: 512 MB
[2017.11.19-23.24.40:530][  0]LogDerivedDataCache: Loaded boot cache 0.39s 78MB C:/Users/LevaLRS/Desktop/GunSmoke/GunSmokeFP/DerivedDataCache/Boot.ddc.
[2017.11.19-23.24.40:530][  0]LogDerivedDataCache: Display: Loaded Boot cache: C:/Users/LevaLRS/Desktop/GunSmoke/GunSmokeFP/DerivedDataCache/Boot.ddc
[2017.11.19-23.24.40:530][  0]LogDerivedDataCache: FDerivedDataBackendGraph:  Pak pak cache file C:/Users/LevaLRS/Desktop/GunSmoke/GunSmokeFP/DerivedDataCache/DDC.ddp not found, will not use a pak cache.
[2017.11.19-23.24.40:530][  0]LogDerivedDataCache: Unable to find inner node Pak for hierarchical cache Hierarchy.
[2017.11.19-23.24.40:530][  0]LogDerivedDataCache: FDerivedDataBackendGraph:  EnginePak pak cache file ../../../Engine/DerivedDataCache/DDC.ddp not found, will not use a pak cache.
[2017.11.19-23.24.40:531][  0]LogDerivedDataCache: Unable to find inner node EnginePak for hierarchical cache Hierarchy.
[2017.11.19-23.24.40:542][  0]LogDerivedDataCache: Using Local data cache path ../../../Engine/DerivedDataCache: Writable
[2017.11.19-23.24.40:542][  0]LogDerivedDataCache: Shared data cache path not found in *engine.ini, will not use an Shared cache.
[2017.11.19-23.24.40:542][  0]LogDerivedDataCache: Unable to find inner node Shared for hierarchical cache Hierarchy.
[2017.11.19-23.24.40:558][  0]LogMaterial: Verifying Global Shaders for PCD3D_SM5
[2017.11.19-23.24.40:558][  0]LogSlate: Using Freetype 2.6.0
[2017.11.19-23.24.40:559][  0]LogSlate: SlateFontCache - WITH_FREETYPE: 1, WITH_HARFBUZZ: 1
[2017.11.19-23.24.40:559][  0]LogSlate: SlateFontCache - WITH_FREETYPE: 1, WITH_HARFBUZZ: 1
[2017.11.19-23.24.40:887][  0]LogInit: Selected Device Profile: [Windows]
[2017.11.19-23.24.41:118][  0]LogMeshReduction: Using QuadricMeshReduction for automatic static mesh reduction
[2017.11.19-23.24.41:118][  0]LogMeshReduction: No automatic skeletal mesh reduction module available
[2017.11.19-23.24.41:118][  0]LogMeshReduction: No automatic mesh merging module available
[2017.11.19-23.24.41:118][  0]LogMeshReduction: No distributed automatic mesh merging module available
[2017.11.19-23.24.41:118][  0]LogMeshMerging: No automatic mesh merging module available
[2017.11.19-23.24.41:118][  0]LogMeshMerging: No distributed automatic mesh merging module available
[2017.11.19-23.24.41:143][  0]LogNetVersion: GunSmokeFP , NetCL: 0, EngineNetVer: 2, GameNetVer: 0 (Checksum: 2210337976)
[2017.11.19-23.24.41:297][  0]LogAssetRegistry: FAssetRegistry took 0.0255 seconds to start up
[2017.11.19-23.24.41:787][  0]LogPackageLocalizationCache: Processed 8 localized package path(s) for 2 prioritized culture(s) in 0.060488 seconds
[2017.11.19-23.24.41:793][  0]LogUObjectArray: 35856 objects as part of root set at end of initial load.
[2017.11.19-23.24.41:793][  0]LogUObjectAllocator: 7364800 out of 0 bytes used by permanent object pool.
[2017.11.19-23.24.41:793][  0]LogUObjectArray: CloseDisregardForGC: 0/0 objects in disregard for GC pool
[2017.11.19-23.24.41:827][  0]LogInit: WinSock: version 1.1 (2.2), MaxSocks=32767, MaxUdp=65467
[2017.11.19-23.24.42:376][  0]LogStreaming: Warning: Failed to read file '../../../Engine/Content/Editor/Slate/Launcher/Mac/Platform_Mac_24x.png' error.
[2017.11.19-23.24.42:376][  0]LogSlate: Could not find file for Slate resource: ../../../Engine/Content/Editor/Slate/Launcher/Mac/Platform_Mac_24x.png
[2017.11.19-23.24.42:376][  0]LogStreaming: Warning: Failed to read file '../../../Engine/Content/Editor/Slate/Launcher/Mac/Platform_Mac_128x.png' error.
[2017.11.19-23.24.42:376][  0]LogSlate: Could not find file for Slate resource: ../../../Engine/Content/Editor/Slate/Launcher/Mac/Platform_Mac_128x.png
[2017.11.19-23.24.42:376][  0]LogStreaming: Warning: Failed to read file '../../../Engine/Content/Editor/Slate/Launcher/Mac/Platform_Mac_128x.png' error.
[2017.11.19-23.24.42:376][  0]LogSlate: Could not find file for Slate resource: ../../../Engine/Content/Editor/Slate/Launcher/Mac/Platform_Mac_128x.png
[2017.11.19-23.24.42:376][  0]LogStreaming: Warning: Failed to read file '../../../Engine/Content/Editor/Slate/Launcher/Mac/Platform_Mac_24x.png' error.
[2017.11.19-23.24.42:376][  0]LogSlate: Could not find file for Slate resource: ../../../Engine/Content/Editor/Slate/Launcher/Mac/Platform_Mac_24x.png
[2017.11.19-23.24.42:376][  0]LogStreaming: Warning: Failed to read file '../../../Engine/Content/Editor/Slate/Launcher/Mac/Platform_Mac_128x.png' error.
[2017.11.19-23.24.42:376][  0]LogSlate: Could not find file for Slate resource: ../../../Engine/Content/Editor/Slate/Launcher/Mac/Platform_Mac_128x.png
[2017.11.19-23.24.42:376][  0]LogStreaming: Warning: Failed to read file '../../../Engine/Content/Editor/Slate/Launcher/Mac/Platform_Mac_128x.png' error.
[2017.11.19-23.24.42:376][  0]LogSlate: Could not find file for Slate resource: ../../../Engine/Content/Editor/Slate/Launcher/Mac/Platform_Mac_128x.png
[2017.11.19-23.24.42:376][  0]LogStreaming: Warning: Failed to read file '../../../Engine/Content/Editor/Slate/Launcher/Mac/Platform_Mac_24x.png' error.
[2017.11.19-23.24.42:376][  0]LogSlate: Could not find file for Slate resource: ../../../Engine/Content/Editor/Slate/Launcher/Mac/Platform_Mac_24x.png
[2017.11.19-23.24.42:376][  0]LogStreaming: Warning: Failed to read file '../../../Engine/Content/Editor/Slate/Launcher/Mac/Platform_Mac_128x.png' error.
[2017.11.19-23.24.42:376][  0]LogSlate: Could not find file for Slate resource: ../../../Engine/Content/Editor/Slate/Launcher/Mac/Platform_Mac_128x.png
[2017.11.19-23.24.42:376][  0]LogStreaming: Warning: Failed to read file '../../../Engine/Content/Editor/Slate/Launcher/Mac/Platform_Mac_128x.png' error.
[2017.11.19-23.24.42:376][  0]LogSlate: Could not find file for Slate resource: ../../../Engine/Content/Editor/Slate/Launcher/Mac/Platform_Mac_128x.png
[2017.11.19-23.24.42:376][  0]LogStreaming: Warning: Failed to read file '../../../Engine/Content/Editor/Slate/Launcher/Mac/Platform_Mac_24x.png' error.
[2017.11.19-23.24.42:376][  0]LogSlate: Could not find file for Slate resource: ../../../Engine/Content/Editor/Slate/Launcher/Mac/Platform_Mac_24x.png
[2017.11.19-23.24.42:376][  0]LogStreaming: Warning: Failed to read file '../../../Engine/Content/Editor/Slate/Launcher/Mac/Platform_Mac_128x.png' error.
[2017.11.19-23.24.42:376][  0]LogSlate: Could not find file for Slate resource: ../../../Engine/Content/Editor/Slate/Launcher/Mac/Platform_Mac_128x.png
[2017.11.19-23.24.42:376][  0]LogStreaming: Warning: Failed to read file '../../../Engine/Content/Editor/Slate/Launcher/Mac/Platform_Mac_128x.png' error.
[2017.11.19-23.24.42:376][  0]LogSlate: Could not find file for Slate resource: ../../../Engine/Content/Editor/Slate/Launcher/Mac/Platform_Mac_128x.png
[2017.11.19-23.24.42:377][  0]LogStreaming: Warning: Failed to read file '../../../Engine/Content/Editor/Slate/Launcher/Linux/Platform_Linux_24x.png' error.
[2017.11.19-23.24.42:377][  0]LogSlate: Could not find file for Slate resource: ../../../Engine/Content/Editor/Slate/Launcher/Linux/Platform_Linux_24x.png
[2017.11.19-23.24.42:377][  0]LogStreaming: Warning: Failed to read file '../../../Engine/Content/Editor/Slate/Launcher/Linux/Platform_Linux_128x.png' error.
[2017.11.19-23.24.42:377][  0]LogSlate: Could not find file for Slate resource: ../../../Engine/Content/Editor/Slate/Launcher/Linux/Platform_Linux_128x.png
[2017.11.19-23.24.42:377][  0]LogStreaming: Warning: Failed to read file '../../../Engine/Content/Editor/Slate/Launcher/Linux/Platform_Linux_128x.png' error.
[2017.11.19-23.24.42:377][  0]LogSlate: Could not find file for Slate resource: ../../../Engine/Content/Editor/Slate/Launcher/Linux/Platform_Linux_128x.png
[2017.11.19-23.24.42:377][  0]LogStreaming: Warning: Failed to read file '../../../Engine/Content/Editor/Slate/Launcher/Linux/Platform_Linux_24x.png' error.
[2017.11.19-23.24.42:377][  0]LogSlate: Could not find file for Slate resource: ../../../Engine/Content/Editor/Slate/Launcher/Linux/Platform_Linux_24x.png
[2017.11.19-23.24.42:377][  0]LogStreaming: Warning: Failed to read file '../../../Engine/Content/Editor/Slate/Launcher/Linux/Platform_Linux_128x.png' error.
[2017.11.19-23.24.42:377][  0]LogSlate: Could not find file for Slate resource: ../../../Engine/Content/Editor/Slate/Launcher/Linux/Platform_Linux_128x.png
[2017.11.19-23.24.42:377][  0]LogStreaming: Warning: Failed to read file '../../../Engine/Content/Editor/Slate/Launcher/Linux/Platform_Linux_128x.png' error.
[2017.11.19-23.24.42:377][  0]LogSlate: Could not find file for Slate resource: ../../../Engine/Content/Editor/Slate/Launcher/Linux/Platform_Linux_128x.png
[2017.11.19-23.24.42:377][  0]LogStreaming: Warning: Failed to read file '../../../Engine/Content/Editor/Slate/Launcher/Linux/Platform_Linux_24x.png' error.
[2017.11.19-23.24.42:377][  0]LogSlate: Could not find file for Slate resource: ../../../Engine/Content/Editor/Slate/Launcher/Linux/Platform_Linux_24x.png
[2017.11.19-23.24.42:377][  0]LogStreaming: Warning: Failed to read file '../../../Engine/Content/Editor/Slate/Launcher/Linux/Platform_Linux_128x.png' error.
[2017.11.19-23.24.42:377][  0]LogSlate: Could not find file for Slate resource: ../../../Engine/Content/Editor/Slate/Launcher/Linux/Platform_Linux_128x.png
[2017.11.19-23.24.42:377][  0]LogStreaming: Warning: Failed to read file '../../../Engine/Content/Editor/Slate/Launcher/Linux/Platform_Linux_128x.png' error.
[2017.11.19-23.24.42:377][  0]LogSlate: Could not find file for Slate resource: ../../../Engine/Content/Editor/Slate/Launcher/Linux/Platform_Linux_128x.png
[2017.11.19-23.24.42:377][  0]LogStreaming: Warning: Failed to read file '../../../Engine/Content/Editor/Slate/Launcher/Linux/Platform_Linux_24x.png' error.
[2017.11.19-23.24.42:377][  0]LogSlate: Could not find file for Slate resource: ../../../Engine/Content/Editor/Slate/Launcher/Linux/Platform_Linux_24x.png
[2017.11.19-23.24.42:377][  0]LogStreaming: Warning: Failed to read file '../../../Engine/Content/Editor/Slate/Launcher/Linux/Platform_Linux_128x.png' error.
[2017.11.19-23.24.42:377][  0]LogSlate: Could not find file for Slate resource: ../../../Engine/Content/Editor/Slate/Launcher/Linux/Platform_Linux_128x.png
[2017.11.19-23.24.42:377][  0]LogStreaming: Warning: Failed to read file '../../../Engine/Content/Editor/Slate/Launcher/Linux/Platform_Linux_128x.png' error.
[2017.11.19-23.24.42:377][  0]LogSlate: Could not find file for Slate resource: ../../../Engine/Content/Editor/Slate/Launcher/Linux/Platform_Linux_128x.png
[2017.11.19-23.24.42:377][  0]LogStreaming: Warning: Failed to read file '../../../Engine/Content/Editor/Slate/Launcher/Android/Platform_Android_24x.png' error.
[2017.11.19-23.24.42:377][  0]LogSlate: Could not find file for Slate resource: ../../../Engine/Content/Editor/Slate/Launcher/Android/Platform_Android_24x.png
[2017.11.19-23.24.42:378][  0]LogStreaming: Warning: Failed to read file '../../../Engine/Content/Editor/Slate/Launcher/Android/Platform_Android_128x.png' error.
[2017.11.19-23.24.42:378][  0]LogSlate: Could not find file for Slate resource: ../../../Engine/Content/Editor/Slate/Launcher/Android/Platform_Android_128x.png
[2017.11.19-23.24.42:378][  0]LogStreaming: Warning: Failed to read file '../../../Engine/Content/Editor/Slate/Launcher/Android/Platform_Android_128x.png' error.
[2017.11.19-23.24.42:378][  0]LogSlate: Could not find file for Slate resource: ../../../Engine/Content/Editor/Slate/Launcher/Android/Platform_Android_128x.png
[2017.11.19-23.24.42:378][  0]LogStreaming: Warning: Failed to read file '../../../Engine/Content/Editor/Slate/Launcher/Android/Platform_Android_24x.png' error.
[2017.11.19-23.24.42:378][  0]LogSlate: Could not find file for Slate resource: ../../../Engine/Content/Editor/Slate/Launcher/Android/Platform_Android_24x.png
[2017.11.19-23.24.42:378][  0]LogStreaming: Warning: Failed to read file '../../../Engine/Content/Editor/Slate/Launcher/Android/Platform_Android_128x.png' error.
[2017.11.19-23.24.42:378][  0]LogSlate: Could not find file for Slate resource: ../../../Engine/Content/Editor/Slate/Launcher/Android/Platform_Android_128x.png
[2017.11.19-23.24.42:378][  0]LogStreaming: Warning: Failed to read file '../../../Engine/Content/Editor/Slate/Launcher/Android/Platform_Android_128x.png' error.
[2017.11.19-23.24.42:378][  0]LogSlate: Could not find file for Slate resource: ../../../Engine/Content/Editor/Slate/Launcher/Android/Platform_Android_128x.png
[2017.11.19-23.24.42:378][  0]LogStreaming: Warning: Failed to read file '../../../Engine/Content/Editor/Slate/Launcher/Android/Platform_Android_ATC_24x.png' error.
[2017.11.19-23.24.42:378][  0]LogSlate: Could not find file for Slate resource: ../../../Engine/Content/Editor/Slate/Launcher/Android/Platform_Android_ATC_24x.png
[2017.11.19-23.24.42:378][  0]LogStreaming: Warning: Failed to read file '../../../Engine/Content/Editor/Slate/Launcher/Android/Platform_Android_128x.png' error.
[2017.11.19-23.24.42:378][  0]LogSlate: Could not find file for Slate resource: ../../../Engine/Content/Editor/Slate/Launcher/Android/Platform_Android_128x.png
[2017.11.19-23.24.42:378][  0]LogStreaming: Warning: Failed to read file '../../../Engine/Content/Editor/Slate/Launcher/Android/Platform_Android_128x.png' error.
[2017.11.19-23.24.42:378][  0]LogSlate: Could not find file for Slate resource: ../../../Engine/Content/Editor/Slate/Launcher/Android/Platform_Android_128x.png
[2017.11.19-23.24.42:378][  0]LogStreaming: Warning: Failed to read file '../../../Engine/Content/Editor/Slate/Launcher/Android/Platform_Android_DXT_24x.png' error.
[2017.11.19-23.24.42:378][  0]LogSlate: Could not find file for Slate resource: ../../../Engine/Content/Editor/Slate/Launcher/Android/Platform_Android_DXT_24x.png
[2017.11.19-23.24.42:378][  0]LogStreaming: Warning: Failed to read file '../../../Engine/Content/Editor/Slate/Launcher/Android/Platform_Android_128x.png' error.
[2017.11.19-23.24.42:378][  0]LogSlate: Could not find file for Slate resource: ../../../Engine/Content/Editor/Slate/Launcher/Android/Platform_Android_128x.png
[2017.11.19-23.24.42:378][  0]LogStreaming: Warning: Failed to read file '../../../Engine/Content/Editor/Slate/Launcher/Android/Platform_Android_128x.png' error.
[2017.11.19-23.24.42:378][  0]LogSlate: Could not find file for Slate resource: ../../../Engine/Content/Editor/Slate/Launcher/Android/Platform_Android_128x.png
[2017.11.19-23.24.42:378][  0]LogStreaming: Warning: Failed to read file '../../../Engine/Content/Editor/Slate/Launcher/Android/Platform_Android_ETC1_24x.png' error.
[2017.11.19-23.24.42:378][  0]LogSlate: Could not find file for Slate resource: ../../../Engine/Content/Editor/Slate/Launcher/Android/Platform_Android_ETC1_24x.png
[2017.11.19-23.24.42:378][  0]LogStreaming: Warning: Failed to read file '../../../Engine/Content/Editor/Slate/Launcher/Android/Platform_Android_128x.png' error.
[2017.11.19-23.24.42:378][  0]LogSlate: Could not find file for Slate resource: ../../../Engine/Content/Editor/Slate/Launcher/Android/Platform_Android_128x.png
[2017.11.19-23.24.42:378][  0]LogStreaming: Warning: Failed to read file '../../../Engine/Content/Editor/Slate/Launcher/Android/Platform_Android_128x.png' error.
[2017.11.19-23.24.42:378][  0]LogSlate: Could not find file for Slate resource: ../../../Engine/Content/Editor/Slate/Launcher/Android/Platform_Android_128x.png
[2017.11.19-23.24.42:378][  0]LogStreaming: Warning: Failed to read file '../../../Engine/Content/Editor/Slate/Launcher/Android/Platform_Android_ETC2_24x.png' error.
[2017.11.19-23.24.42:378][  0]LogSlate: Could not find file for Slate resource: ../../../Engine/Content/Editor/Slate/Launcher/Android/Platform_Android_ETC2_24x.png
[2017.11.19-23.24.42:378][  0]LogStreaming: Warning: Failed to read file '../../../Engine/Content/Editor/Slate/Launcher/Android/Platform_Android_128x.png' error.
[2017.11.19-23.24.42:378][  0]LogSlate: Could not find file for Slate resource: ../../../Engine/Content/Editor/Slate/Launcher/Android/Platform_Android_128x.png
[2017.11.19-23.24.42:378][  0]LogStreaming: Warning: Failed to read file '../../../Engine/Content/Editor/Slate/Launcher/Android/Platform_Android_128x.png' error.
[2017.11.19-23.24.42:378][  0]LogSlate: Could not find file for Slate resource: ../../../Engine/Content/Editor/Slate/Launcher/Android/Platform_Android_128x.png
[2017.11.19-23.24.42:378][  0]LogStreaming: Warning: Failed to read file '../../../Engine/Content/Editor/Slate/Launcher/Android/Platform_Android_PVRTC_24x.png' error.
[2017.11.19-23.24.42:378][  0]LogSlate: Could not find file for Slate resource: ../../../Engine/Content/Editor/Slate/Launcher/Android/Platform_Android_PVRTC_24x.png
[2017.11.19-23.24.42:378][  0]LogStreaming: Warning: Failed to read file '../../../Engine/Content/Editor/Slate/Launcher/Android/Platform_Android_128x.png' error.
[2017.11.19-23.24.42:378][  0]LogSlate: Could not find file for Slate resource: ../../../Engine/Content/Editor/Slate/Launcher/Android/Platform_Android_128x.png
[2017.11.19-23.24.42:378][  0]LogStreaming: Warning: Failed to read file '../../../Engine/Content/Editor/Slate/Launcher/Android/Platform_Android_128x.png' error.
[2017.11.19-23.24.42:378][  0]LogSlate: Could not find file for Slate resource: ../../../Engine/Content/Editor/Slate/Launcher/Android/Platform_Android_128x.png
[2017.11.19-23.24.42:378][  0]LogStreaming: Warning: Failed to read file '../../../Engine/Content/Editor/Slate/Launcher/Android/Platform_Android_ASTC_24x.png' error.
[2017.11.19-23.24.42:378][  0]LogSlate: Could not find file for Slate resource: ../../../Engine/Content/Editor/Slate/Launcher/Android/Platform_Android_ASTC_24x.png
[2017.11.19-23.24.42:378][  0]LogStreaming: Warning: Failed to read file '../../../Engine/Content/Editor/Slate/Launcher/Android/Platform_Android_128x.png' error.
[2017.11.19-23.24.42:378][  0]LogSlate: Could not find file for Slate resource: ../../../Engine/Content/Editor/Slate/Launcher/Android/Platform_Android_128x.png
[2017.11.19-23.24.42:378][  0]LogStreaming: Warning: Failed to read file '../../../Engine/Content/Editor/Slate/Launcher/Android/Platform_Android_128x.png' error.
[2017.11.19-23.24.42:378][  0]LogSlate: Could not find file for Slate resource: ../../../Engine/Content/Editor/Slate/Launcher/Android/Platform_Android_128x.png
[2017.11.19-23.24.43:988][  0]LogTcpMessaging: Initializing TcpMessaging bridge
[2017.11.19-23.24.44:020][  0]LogUdpMessaging: Initializing bridge on interface 0.0.0.0:0 to multicast group 230.0.0.1:6666.
[2017.11.19-23.24.44:530][  0]LogMaterial: Uniform references updated for custom material expression Custom.
[2017.11.19-23.24.44:847][  0]SourceControl: Source control is disabled
[2017.11.19-23.24.44:848][  0]SourceControl: Source control is disabled
[2017.11.19-23.24.44:888][  0]SourceControl: Source control is disabled
[2017.11.19-23.24.44:923][  0]SourceControl: Source control is disabled
[2017.11.19-23.24.45:499][  0]LogAndroidPermission: UAndroidPermissionCallbackProxy::GetInstance
[2017.11.19-23.24.45:692][  0]LogOcInput: OculusInput pre-init called
[2017.11.19-23.24.45:896][  0]LogEngine: Initializing Engine...
[2017.11.19-23.24.45:898][  0]LogHMD: Failed to initialize OpenVR with code 110
[2017.11.19-23.24.46:188][  0]LogStats: UGameplayTagsManager::ConstructGameplayTagTree: Construct from data asset -  0.000 s
[2017.11.19-23.24.46:188][  0]LogStats: UGameplayTagsManager::ConstructGameplayTagTree: GameplayTagTreeChangedEvent.Broadcast -  0.000 s
[2017.11.19-23.24.46:284][  0]LogAIModule: Creating AISystem for world Untitled
[2017.11.19-23.24.46:292][  0]LogInit: XAudio2 using 'Speakers (Realtek High Definition Audio)' : 2 channels at 48 kHz using 32 bits per sample (channel mask 0x3)
[2017.11.19-23.24.46:325][  0]LogInit: FAudioDevice initialized.
[2017.11.19-23.24.46:493][  0]LogDerivedDataCache: Saved boot cache 0.17s 78MB C:/Users/LevaLRS/Desktop/GunSmoke/GunSmokeFP/DerivedDataCache/Boot.ddc.
[2017.11.19-23.24.46:511][  0]LogInit: Texture streaming: Enabled
[2017.11.19-23.24.46:575][  0]LogEngineSessionManager: EngineSessionManager initialized
[2017.11.19-23.24.46:755][  0]LogInit: Transaction tracking system initialized
[2017.11.19-23.24.46:957][  0]BlueprintLog: New page: Editor Load
[2017.11.19-23.24.47:531][  0]LocalizationService: Localization service is disabled
[2017.11.19-23.24.48:289][  0]LogConsoleResponse: Display: 
[2017.11.19-23.24.48:472][  0]LogCook: Display: Max memory allowance for cook 16384mb min free memory 0mb
[2017.11.19-23.24.48:472][  0]LogCook: Display: Mobile HDR setting 1
[2017.11.19-23.24.48:472][  0]LogGameplayTags: Display: UGameplayTagsManager::DoneAddingNativeTags. DelegateIsBound: 0
[2017.11.19-23.24.49:291][  0]LogFileCache: Scanning file cache for directory 'C:/Users/LevaLRS/Desktop/GunSmoke/GunSmokeFP/Content/' took 0.01s
[2017.11.19-23.24.49:291][  0]SourceControl: Source control is disabled
[2017.11.19-23.24.49:291][  0]Cmd: MAP LOAD FILE="../../../Engine/Content/Maps/Templates/Template_Default.umap" TEMPLATE=1 SHOWPROGRESS=1 FEATURELEVEL=3
[2017.11.19-23.24.49:292][  0]LightingResults: New page: Lighting Build
[2017.11.19-23.24.49:317][  0]MapCheck: New page: Map Check
[2017.11.19-23.24.49:317][  0]LightingResults: New page: Lighting Build
[2017.11.19-23.24.49:536][  0]LogAIModule: Creating AISystem for world Untitled_1
[2017.11.19-23.24.49:543][  0]LogEditorServer: Finished looking for orphan Actors (0.000 secs)
[2017.11.19-23.24.49:558][  0]Cmd: MAP CHECKDEP NOCLEARLOG
[2017.11.19-23.24.49:603][  0]MapCheck: Map check complete: 0 Error(s), 0 Warning(s), took 44.739ms to complete.
[2017.11.19-23.24.49:604][  0]LogFileHelpers: Loading map 'Template_Default' took 0.312
[2017.11.19-23.24.49:677][  0]LogWindowsTextInputMethodSystem: Display: IME system now deactivated.
[2017.11.19-23.24.50:033][  0]LogCollectionManager: Loaded 0 collections in 0.001055 seconds
[2017.11.19-23.24.50:139][  0]LogFileCache: Scanning file cache for directory 'C:/Users/LevaLRS/Desktop/GunSmoke/GunSmokeFP/Saved/Collections/' took 0.01s
[2017.11.19-23.24.50:139][  0]LogFileCache: Scanning file cache for directory 'C:/Users/LevaLRS/Desktop/GunSmoke/GunSmokeFP/Content/Developers/LevaLRS/Collections/' took 0.01s
[2017.11.19-23.24.50:139][  0]LogFileCache: Scanning file cache for directory 'C:/Users/LevaLRS/Desktop/GunSmoke/GunSmokeFP/Content/Collections/' took 0.01s
[2017.11.19-23.24.50:139][  0]LogCollectionManager: Rebuilt the GUID cache for 0 collections in 0.000000 seconds
[2017.11.19-23.24.50:148][  0]LogContentBrowser: Native class hierarchy populated in 0.0081 seconds. Added 2362 classes and 517 folders.
[2017.11.19-23.24.50:211][  0]LogContentBrowser: Native class hierarchy updated for 'WidgetCarousel' in 0.0002 seconds. Added 0 classes and 0 folders.
[2017.11.19-23.24.51:439][  0]LogContentBrowser: Native class hierarchy updated for 'AddContentDialog' in 0.0003 seconds. Added 0 classes and 0 folders.
[2017.11.19-23.24.51:517][  0]LogContentBrowser: Native class hierarchy updated for 'SceneOutliner' in 0.0012 seconds. Added 1 classes and 2 folders.
[2017.11.19-23.24.51:651][  0]LogSlate: Took 0.001289 seconds to synchronously load lazily loaded font '../../../Engine/Content/Slate/Fonts/Roboto-Regular.ttf' (155K)
[2017.11.19-23.24.51:657][  0]LogSlate: Took 0.000684 seconds to synchronously load lazily loaded font '../../../Engine/Content/Slate/Fonts/Roboto-Bold.ttf' (160K)
[2017.11.19-23.24.51:682][  0]LogSlate: Took 0.017731 seconds to synchronously load lazily loaded font '../../../Engine/Content/Editor/Slate/Fonts/FontAwesome.ttf' (139K)
[2017.11.19-23.24.51:937][  0]LogRenderer: Reallocating scene render targets to support 948x480 Format 9 NumSamples 1 (Frame:1).
[2017.11.19-23.24.52:122][  0]LogContentBrowser: Native class hierarchy updated for 'HierarchicalLODOutliner' in 0.0004 seconds. Added 1 classes and 2 folders.
[2017.11.19-23.24.52:122][  0]LogLoad: (Engine Initialization) Total time: 17.07 seconds
[2017.11.19-23.24.52:122][  0]LogLoad: (Engine Initialization) Total Blueprint compile time: 0.00 seconds
[2017.11.19-23.24.52:122][  0]LogExternalProfiler: No external profilers were discovered.  External profiling features will not be available.
[2017.11.19-23.24.52:159][  0]LogContentStreaming: Texture pool size now 400 MB
[2017.11.19-23.24.52:252][  1]LogAssetRegistry: Asset discovery search completed in 10.9772 seconds
[2017.11.19-23.24.52:265][  1]LogCollectionManager: Rebuilt the object cache for 0 collections in 0.000003 seconds (found 0 objects)
[2017.11.19-23.24.52:265][  1]LogCollectionManager: Fixed up redirectors for 0 collections in 0.000079 seconds (updated 0 objects)
[2017.11.19-23.24.56:373][228]LogSlate: Took 0.012538 seconds to synchronously load lazily loaded font '../../../Engine/Content/Slate/Fonts/Roboto-Light.ttf' (159K)
[2017.11.19-23.24.58:997][376]LogSlate: Took 0.000155 seconds to synchronously load lazily loaded font '../../../Engine/Content/Slate/Fonts/Roboto-Light.ttf' (159K)
[2017.11.19-23.24.59:814][376]LogSlate: Took 0.000737 seconds to synchronously load lazily loaded font '../../../Engine/Content/Slate/Fonts/Roboto-Regular.ttf' (155K)
[2017.11.19-23.25.00:145][376]LogMaterial: Uniform references updated for custom material expression Custom.
[2017.11.19-23.25.01:672][376]LogAIModule: Creating AISystem for world GunSmoke
[2017.11.19-23.25.01:919][376]Cmd: MAP LOAD FILE="C:/Users/LevaLRS/Desktop/GunSmoke/GunSmokeFP/Content/Maps/GunSmoke.umap" TEMPLATE=0 SHOWPROGRESS=1 FEATURELEVEL=3
[2017.11.19-23.25.01:920][376]LightingResults: New page: Lighting Build
[2017.11.19-23.25.01:921][376]LoadErrors: New page: Loading map: GunSmoke.umap
[2017.11.19-23.25.01:928][376]MapCheck: New page: Map Check
[2017.11.19-23.25.01:928][376]LightingResults: New page: Lighting Build
[2017.11.19-23.25.01:960][376]LogEditorServer: Finished looking for orphan Actors (0.000 secs)
[2017.11.19-23.25.02:047][376]Cmd: MAP CHECKDEP NOCLEARLOG
[2017.11.19-23.25.02:091][376]MapCheck: Map check complete: 0 Error(s), 0 Warning(s), took 44.422ms to complete.
[2017.11.19-23.25.02:091][376]LogFileHelpers: Loading map 'GunSmoke' took 0.173
[2017.11.19-23.25.08:486][744]LogEditorViewport: Clicking on Actor (LMB): StaticMeshActor (Floor)
[2017.11.19-23.25.31:849][747]LogEditorViewport: Clicking on Actor (context menu): StaticMeshActor (Floor)
[2017.11.19-23.25.33:864][809]LogEditorViewport: Clicking on Actor (LMB): BP_Sky_Sphere_C (Sky Sphere)
[2017.11.19-23.25.50:344][755]Cmd: MODE ROTGRID=0
[2017.11.19-23.25.53:152][894]Cmd: MODE ROTGRID=1
[2017.11.19-23.25.56:814][111]Cmd: MODE ROTGRID=0
[2017.11.19-23.25.57:302][140]Cmd: MODE ROTGRID=1
[2017.11.19-23.26.12:591][979]LogTemp: Repeating last play command: Selected Viewport
[2017.11.19-23.26.12:931][979]LogPlayLevel: PlayLevel: No blueprints needed recompiling
[2017.11.19-23.26.13:038][979]PIE: New page: PIE session: GunSmoke (Nov 19, 2017, 1:26:12 PM)
[2017.11.19-23.26.13:067][979]LogPlayLevel: Creating play world package: /Game/Maps/UEDPIE_0_GunSmoke
[2017.11.19-23.26.13:180][979]LogPlayLevel: PIE: StaticDuplicateObject took: (0.111740s)
[2017.11.19-23.26.13:182][979]LogAIModule: Creating AISystem for world GunSmoke
[2017.11.19-23.26.13:199][979]LogPlayLevel: PIE: World Init took: (0.019029s)
[2017.11.19-23.26.13:203][979]LogPlayLevel: PIE: Created PIE world by copying editor world from /Game/Maps/GunSmoke.GunSmoke to /Game/Maps/UEDPIE_0_GunSmoke.GunSmoke (0.135923s)
[2017.11.19-23.26.13:331][979]LogInit: XAudio2 using 'Speakers (Realtek High Definition Audio)' : 2 channels at 48 kHz using 32 bits per sample (channel mask 0x3)
[2017.11.19-23.26.13:439][979]LogInit: FAudioDevice initialized.
[2017.11.19-23.26.13:513][979]LogLoad: Game class is 'GameModeBase'
[2017.11.19-23.26.13:644][979]LogWorld: Bringing World /Game/Maps/UEDPIE_0_GunSmoke.GunSmoke up for play (max tick rate 60) at 2017.11.19-18.26.13
[2017.11.19-23.26.13:668][979]LogWorld: Bringing up level for play took: 0.025560
[2017.11.19-23.26.15:748][979]LogContentBrowser: Native class hierarchy updated for 'MovieSceneCapture' in 0.0116 seconds. Added 11 classes and 0 folders.
[2017.11.19-23.26.15:878][979]PIE: Play in editor start time for /Game/Maps/UEDPIE_0_GunSmoke 2.77
[2017.11.19-23.26.28:421][363]LogTemp: Repeating last play command: Selected Viewport
[2017.11.19-23.26.28:535][363]LogPlayLevel: PlayLevel: No blueprints needed recompiling
[2017.11.19-23.26.28:535][363]PIE: New page: PIE session: GunSmoke (Nov 19, 2017, 1:26:28 PM)
[2017.11.19-23.26.28:535][363]LogPlayLevel: Creating play world package: /Game/Maps/UEDPIE_0_GunSmoke
[2017.11.19-23.26.28:541][363]LogPlayLevel: PIE: StaticDuplicateObject took: (0.006237s)
[2017.11.19-23.26.28:542][363]LogAIModule: Creating AISystem for world GunSmoke
[2017.11.19-23.26.28:543][363]LogPlayLevel: PIE: World Init took: (0.001344s)
[2017.11.19-23.26.28:543][363]LogPlayLevel: PIE: Created PIE world by copying editor world from /Game/Maps/GunSmoke.GunSmoke to /Game/Maps/UEDPIE_0_GunSmoke.GunSmoke (0.007899s)
[2017.11.19-23.26.28:558][363]LogInit: XAudio2 using 'Speakers (Realtek High Definition Audio)' : 2 channels at 48 kHz using 32 bits per sample (channel mask 0x3)
[2017.11.19-23.26.28:594][363]LogInit: FAudioDevice initialized.
[2017.11.19-23.26.28:624][363]LogLoad: Game class is 'GameModeBase'
[2017.11.19-23.26.28:625][363]LogWorld: Bringing World /Game/Maps/UEDPIE_0_GunSmoke.GunSmoke up for play (max tick rate 60) at 2017.11.19-18.26.28
[2017.11.19-23.26.28:625][363]LogWorld: Bringing up level for play took: 0.000797
[2017.11.19-23.26.28:628][363]PIE: Play in editor start time for /Game/Maps/UEDPIE_0_GunSmoke -0.479
[2017.11.19-23.26.50:847][498]Cmd: OBJ SAVEPACKAGE PACKAGE="/Game/Maps/GunSmoke" FILE="C:/Users/LevaLRS/Desktop/GunSmoke/GunSmokeFP/Content/Maps/GunSmoke.umap" SILENT=true AUTOSAVING=false KEEPDIRTY=false
[2017.11.19-23.26.51:107][498]LogSavePackage: Save=159.49ms
[2017.11.19-23.26.51:108][498]LogSavePackage: Moving 'C:/Users/LevaLRS/Desktop/GunSmoke/GunSmokeFP/Saved/GunSmokeDA8717E94F7E1E824BA4E9A85C55176A.tmp' to 'C:/Users/LevaLRS/Desktop/GunSmoke/GunSmokeFP/Content/Maps/GunSmoke.umap'
[2017.11.19-23.26.51:161][498]LogSavePackage: Display: Finished SavePackage C:/Users/LevaLRS/Desktop/GunSmoke/GunSmokeFP/Content/Maps/GunSmoke.umap
[2017.11.19-23.26.51:181][498]Cmd: OBJ SAVEPACKAGE PACKAGE="/Game/Maps/GunSmoke_BuiltData" FILE="C:/Users/LevaLRS/Desktop/GunSmoke/GunSmokeFP/Content/Maps/GunSmoke_BuiltData.uasset" SILENT=true
[2017.11.19-23.26.51:239][498]LogSavePackage: Save=53.56ms
[2017.11.19-23.26.51:239][498]LogSavePackage: Moving 'C:/Users/LevaLRS/Desktop/GunSmoke/GunSmokeFP/Saved/GunSmoke_BuiltDataBF348021444BCAAD4356B080A7441F00.tmp' to 'C:/Users/LevaLRS/Desktop/GunSmoke/GunSmokeFP/Content/Maps/GunSmoke_BuiltData.uasset'
[2017.11.19-23.26.51:241][498]LogSavePackage: Display: Finished SavePackage C:/Users/LevaLRS/Desktop/GunSmoke/GunSmokeFP/Content/Maps/GunSmoke_BuiltData.uasset
[2017.11.19-23.26.56:237][784]MapCheck: New page: Map Check
[2017.11.19-23.26.56:278][784]LightingResults: New page: Lighting Build - Nov 19, 2017, 1:26:56 PM
[2017.11.19-23.26.56:723][784]LogSwarmInterface: [OpenConnection] Registering TCP channel ...
[2017.11.19-23.26.56:948][784]LogSwarmInterface: [OpenConnection] Connecting to agent ...
[2017.11.19-23.26.57:033][784]LogSwarmInterface: [TryOpenConnection] Testing the Agent
[2017.11.19-23.26.58:105][784]LogSwarmInterface: [TryOpenConnection] Opening Connection to Agent
[2017.11.19-23.26.58:105][784]LogSwarmInterface: [TryOpenConnection] Local Process ID is 7684
[2017.11.19-23.27.00:837][784]LogStaticLightingSystem: Warning: No importance volume found, so the scene bounding box was used.  You can optimize your scene's quality and lighting build times by adding importance volumes.
[2017.11.19-23.27.00:838][784]LogStaticLightingSystem: Running Lightmass w/ ImmediateImport mode ENABLED
[2017.11.19-23.27.00:838][784]LogStaticLightingSystem: Running Lightmass w/ ImmediateProcess mode ENABLED
[2017.11.19-23.27.00:838][784]LogStaticLightingSystem: Running Lightmass w/ Sorting mode ENABLED
[2017.11.19-23.27.00:838][784]LogStaticLightingSystem: Running Lightmass w/ Mapping paddings ENABLED
[2017.11.19-23.27.00:838][784]LogStaticLightingSystem: Running Lightmass w/ Mapping debug paddings DISABLED
[2017.11.19-23.27.01:223][784]LogEditorBuildUtils: Build time 0:04
[2017.11.19-23.27.01:272][784]LogMaterial: Missing cached shader map for material FLightmassMaterialRenderer NewMaterial, compiling. 
[2017.11.19-23.27.01:396][784]LogMaterial: Missing cached shader map for material FLightmassMaterialRenderer NewMaterial, compiling. 
[2017.11.19-23.27.01:477][786]LogMaterial: Missing cached shader map for material FLightmassMaterialRenderer PressFoto_500170_Mat, compiling. 
[2017.11.19-23.27.01:517][786]LogMaterial: Missing cached shader map for material FLightmassMaterialRenderer PressFoto_500170_Mat, compiling. 
[2017.11.19-23.27.01:544][787]LogMaterial: Missing cached shader map for material FLightmassMaterialRenderer luxfon_com_19066_Mat, compiling. 
[2017.11.19-23.27.01:553][787]LogMaterial: Missing cached shader map for material FLightmassMaterialRenderer luxfon_com_19066_Mat, compiling. 
[2017.11.19-23.27.01:573][788]LogMaterial: Missing cached shader map for material FLightmassMaterialRenderer BasicShapeMaterial, compiling. 
[2017.11.19-23.27.01:581][788]LogMaterial: Missing cached shader map for material FLightmassMaterialRenderer BasicShapeMaterial, compiling. 
[2017.11.19-23.27.09:564][871]Job is a success!
[2017.11.19-23.27.09:803][872]LogVolumetricLightmapImport: Imported Volumetric Lightmap in 0.131s
[2017.11.19-23.27.09:803][872]LogVolumetricLightmapImport:      Indirection Texture 16x16x16 = 0.0Mb
[2017.11.19-23.27.09:803][872]LogVolumetricLightmapImport:      BrickData 30x5x5 = 0.0Mb
[2017.11.19-23.27.09:803][872]LogVolumetricLightmapImport:      Bricks at Level
[2017.11.19-23.27.09:803][872]LogVolumetricLightmapImport:          0: 16.7% covering 100.0% of volume
[2017.11.19-23.27.09:803][872]LogVolumetricLightmapImport:          1: 16.7% covering 1.6% of volume
[2017.11.19-23.27.09:803][872]LogVolumetricLightmapImport:          2: 66.7% covering 0.1% of volume
[2017.11.19-23.27.09:868][872]LogMaterial: Warning: Material /Game/Maps/luxfon_com_19066_Mat.luxfon_com_19066_Mat needed to have new flag set bUsedWithStaticLighting !
[2017.11.19-23.27.09:875][872]LogMaterial: Missing cached shader map for material luxfon_com_19066_Mat, compiling. 
[2017.11.19-23.27.10:141][872]LogMaterial: Warning: Material /Game/Maps/PressFoto_500170_Mat.PressFoto_500170_Mat needed to have new flag set bUsedWithStaticLighting !
[2017.11.19-23.27.10:158][872]LogMaterial: Missing cached shader map for material PressFoto_500170_Mat, compiling. 
[2017.11.19-23.27.10:373][872]LogTexture: Display: Building textures: HQ_Lightmap1_1 (AutoDXT, 256X256)
[2017.11.19-23.27.10:374][872]LogTexture: Display: Building textures: LQ_Lightmap_1_2 (DXT1, 64X64)
[2017.11.19-23.27.10:374][872]LogTexture: Display: Building textures: HQ_Lightmap1_2 (AutoDXT, 64X64)
[2017.11.19-23.27.10:374][872]LogTexture: Display: Building textures: LQ_Lightmap_1_1 (DXT1, 256X256)
[2017.11.19-23.27.10:374][872]LogTexture: Display: Building textures: ShadowMapTexture2D_3 (G8, 32X32)
[2017.11.19-23.27.10:374][872]LogTexture: Display: Building textures: ShadowMapTexture2D_2 (G8, 256X128)
[2017.11.19-23.27.10:435][872]Lightmass on DESKTOP-3QABCT7: 1.80 sec total, 224 ms importing, 20 ms setup, 393 ms photons, 1.07 sec processing, 0 ms extra exporting [7/7 mappings]. Threads: 7.37 sec total, 455 ms processing.
[2017.11.19-23.27.10:476][872]LogStaticLightingSystem: Illumination: 14.1 sec (125 ms encoding lightmaps, 16 ms encoding shadowmaps)
[2017.11.19-23.27.10:476][872]LogStaticLightingSystem: Lightmap texture memory:  0.1 MB (0.1 MB streaming, 0.0 MB non-streaming), 4 textures
[2017.11.19-23.27.10:476][872]LogStaticLightingSystem: Shadowmap texture memory: 0.0 MB (0.0 MB streaming, 0.0 MB non-streaming), 2 textures
[2017.11.19-23.27.10:860][872]DumpUnbuiltLightIteractions
[2017.11.19-23.27.10:860][872]Lights with unbuilt interactions: 0
[2017.11.19-23.27.10:860][872]
[2017.11.19-23.27.10:860][872]Primitives with unbuilt interactions: 0
[2017.11.19-23.27.10:871][873]Cmd: MAP CHECK NOTIFYRESULTS
[2017.11.19-23.27.10:872][873]MapCheck: New page: GunSmoke - Nov 19, 2017, 1:27:10 PM
[2017.11.19-23.27.10:934][873]MapCheck: Error: Sphere2_12 Sphere2_12 : Invalid DrawScale/DrawScale3D 
[2017.11.19-23.27.10:934][873]MapCheck: Error: Sphere_2 Sphere_2 : Invalid DrawScale/DrawScale3D 
[2017.11.19-23.27.13:354][873]MapCheck: Map check complete: 2 Error(s), 0 Warning(s), took 2,481.837ms to complete.
[2017.11.19-23.27.19:969][253]MapCheck: New page: Map Check
[2017.11.19-23.27.20:112][253]Cmd: MAP REBUILD ALLVISIBLE
[2017.11.19-23.27.20:112][253]LogEditorServer: Rebuildmap Clear paths rebuilt
[2017.11.19-23.27.20:434][253]LogMaterial: Missing cached shader map for material FDebugViewModeMaterialProxy WorldGridMaterial, compiling. Is special engine material.
[2017.11.19-23.27.20:449][253]LogMaterial: Missing cached shader map for material FDebugViewModeMaterialProxy NewMaterial, compiling. 
[2017.11.19-23.27.20:455][253]LogMaterial: Missing cached shader map for material FDebugViewModeMaterialProxy MaterialInstanceDynamic_340, compiling. 
[2017.11.19-23.27.20:467][253]LogMaterial: Missing cached shader map for material FDebugViewModeMaterialProxy PressFoto_500170_Mat, compiling. 
[2017.11.19-23.27.20:504][253]LogMaterial: Missing cached shader map for material FDebugViewModeMaterialProxy luxfon_com_19066_Mat, compiling. 
[2017.11.19-23.27.20:512][253]LogMaterial: Missing cached shader map for material FDebugViewModeMaterialProxy BasicShapeMaterial, compiling. 
[2017.11.19-23.27.20:520][253]LogMaterial: Missing cached shader map for material FDebugViewModeMaterialProxy MaterialInstanceDynamic_349, compiling. 
[2017.11.19-23.27.20:556][253]LogMaterial: Missing cached shader map for material FDebugViewModeMaterialProxy MaterialInstanceDynamic_347, compiling. 
[2017.11.19-23.27.20:563][253]LogMaterial: Missing cached shader map for material FDebugViewModeMaterialProxy MaterialInstanceDynamic_348, compiling. 
[2017.11.19-23.27.21:112][253]TextureStreamingBuild: Display: Compiling optional shaders took 0.710 seconds.
[2017.11.19-23.27.21:218][253]LogLevel: Display: Export Material TexCoord Scales took 0.106 seconds.
[2017.11.19-23.27.21:288][253]TextureStreamingBuild: Display: Build Texture Streaming took 0.069 seconds.
[2017.11.19-23.27.21:297][253]LightingResults: New page: Lighting Build - Nov 19, 2017, 1:27:21 PM
[2017.11.19-23.27.21:333][253]LogSwarmInterface: [OpenConnection] Registering TCP channel ...
[2017.11.19-23.27.21:336][253]LogSwarmInterface: [OpenConnection] Connecting to agent ...
[2017.11.19-23.27.21:336][253]LogSwarmInterface: [TryOpenConnection] Testing the Agent
[2017.11.19-23.27.21:337][253]LogSwarmInterface: [TryOpenConnection] Opening Connection to Agent
[2017.11.19-23.27.21:337][253]LogSwarmInterface: [TryOpenConnection] Local Process ID is 7684
[2017.11.19-23.27.26:015][253]LogStaticLightingSystem: Warning: No importance volume found, so the scene bounding box was used.  You can optimize your scene's quality and lighting build times by adding importance volumes.
[2017.11.19-23.27.26:015][253]LogStaticLightingSystem: Running Lightmass w/ ImmediateImport mode ENABLED
[2017.11.19-23.27.26:015][253]LogStaticLightingSystem: Running Lightmass w/ ImmediateProcess mode ENABLED
[2017.11.19-23.27.26:015][253]LogStaticLightingSystem: Running Lightmass w/ Sorting mode ENABLED
[2017.11.19-23.27.26:015][253]LogStaticLightingSystem: Running Lightmass w/ Mapping paddings ENABLED
[2017.11.19-23.27.26:015][253]LogStaticLightingSystem: Running Lightmass w/ Mapping debug paddings DISABLED
[2017.11.19-23.27.26:148][253]Cmd: MAP CHECK DONTDISPLAYDIALOG
[2017.11.19-23.27.26:148][253]MapCheck: New page: GunSmoke - Nov 19, 2017, 1:27:26 PM
[2017.11.19-23.27.26:149][253]MapCheck: Error: Sphere2_12 Sphere2_12 : Invalid DrawScale/DrawScale3D 
[2017.11.19-23.27.26:149][253]MapCheck: Error: Sphere_2 Sphere_2 : Invalid DrawScale/DrawScale3D 
[2017.11.19-23.27.26:192][253]MapCheck: Map check complete: 2 Error(s), 0 Warning(s), took 43.307ms to complete.
[2017.11.19-23.27.26:216][253]LogEditorBuildUtils: Build time 0:06
[2017.11.19-23.27.26:292][253]LogMaterial: Missing cached shader map for material FLightmassMaterialRenderer PressFoto_500170_Mat, compiling. 
[2017.11.19-23.27.26:307][253]LogMaterial: Missing cached shader map for material FLightmassMaterialRenderer PressFoto_500170_Mat, compiling. 
[2017.11.19-23.27.26:448][254]LogMaterial: Missing cached shader map for material FLightmassMaterialRenderer luxfon_com_19066_Mat, compiling. 
[2017.11.19-23.27.26:467][254]LogMaterial: Missing cached shader map for material FLightmassMaterialRenderer luxfon_com_19066_Mat, compiling. 
[2017.11.19-23.27.28:681][324]Job is a success!
[2017.11.19-23.27.28:800][325]LogVolumetricLightmapImport: Imported Volumetric Lightmap in 0.084s
[2017.11.19-23.27.28:800][325]LogVolumetricLightmapImport:      Indirection Texture 16x16x16 = 0.0Mb
[2017.11.19-23.27.28:800][325]LogVolumetricLightmapImport:      BrickData 30x5x5 = 0.0Mb
[2017.11.19-23.27.28:800][325]LogVolumetricLightmapImport:      Bricks at Level
[2017.11.19-23.27.28:800][325]LogVolumetricLightmapImport:          0: 16.7% covering 100.0% of volume
[2017.11.19-23.27.28:800][325]LogVolumetricLightmapImport:          1: 16.7% covering 1.6% of volume
[2017.11.19-23.27.28:800][325]LogVolumetricLightmapImport:          2: 66.7% covering 0.1% of volume
[2017.11.19-23.27.28:887][325]LogTexture: Display: Building textures: HQ_Lightmap0_1 (AutoDXT, 256X256)
[2017.11.19-23.27.28:887][325]LogTexture: Display: Building textures: LQ_Lightmap_0_2 (DXT1, 64X64)
[2017.11.19-23.27.28:887][325]LogTexture: Display: Building textures: HQ_Lightmap0_2 (AutoDXT, 64X64)
[2017.11.19-23.27.28:887][325]LogTexture: Display: Building textures: LQ_Lightmap_0_1 (DXT1, 256X256)
[2017.11.19-23.27.28:887][325]LogTexture: Display: Building textures: ShadowMapTexture2D_5 (G8, 32X32)
[2017.11.19-23.27.28:887][325]LogTexture: Display: Building textures: ShadowMapTexture2D_4 (G8, 256X128)
[2017.11.19-23.27.28:906][325]Lightmass on DESKTOP-3QABCT7: 1.02 sec total, 154 ms importing, 16 ms setup, 390 ms photons, 440 ms processing, 0 ms extra exporting [7/7 mappings]. Threads: 2.91 sec total, 442 ms processing.
[2017.11.19-23.27.28:913][325]LogStaticLightingSystem: Illumination: 7.60 sec (42 ms encoding lightmaps, 29 ms encoding shadowmaps)
[2017.11.19-23.27.28:913][325]LogStaticLightingSystem: Lightmap texture memory:  0.1 MB (0.1 MB streaming, 0.0 MB non-streaming), 4 textures
[2017.11.19-23.27.28:913][325]LogStaticLightingSystem: Shadowmap texture memory: 0.0 MB (0.0 MB streaming, 0.0 MB non-streaming), 2 textures
[2017.11.19-23.27.29:020][325]DumpUnbuiltLightIteractions
[2017.11.19-23.27.29:020][325]Lights with unbuilt interactions: 0
[2017.11.19-23.27.29:020][325]
[2017.11.19-23.27.29:020][325]Primitives with unbuilt interactions: 0
[2017.11.19-23.27.29:124][326]Cmd: MAP CHECK NOTIFYRESULTS
[2017.11.19-23.27.29:124][326]MapCheck: New page: GunSmoke - Nov 19, 2017, 1:27:29 PM
[2017.11.19-23.27.29:125][326]MapCheck: Error: Sphere2_12 Sphere2_12 : Invalid DrawScale/DrawScale3D 
[2017.11.19-23.27.29:125][326]MapCheck: Error: Sphere_2 Sphere_2 : Invalid DrawScale/DrawScale3D 
[2017.11.19-23.27.29:169][326]MapCheck: Map check complete: 2 Error(s), 0 Warning(s), took 45.299ms to complete.
[2017.11.19-23.27.52:252][652]LogEditorViewport: Clicking on Actor (LMB): StaticMeshActor (Sphere2)
[2017.11.19-23.27.55:648][851]Cmd: DELETE
[2017.11.19-23.27.55:648][851]Cmd: ACTOR DELETE
[2017.11.19-23.27.55:698][851]LogEditorActor: Deleted Actor: StaticMeshActor
[2017.11.19-23.27.55:719][851]LogEditorActor: Deleted 1 Actors (0.062 secs)
[2017.11.19-23.27.56:583][897]LogEditorViewport: Clicking on Actor (LMB): StaticMeshActor (Sphere)
[2017.11.19-23.27.57:119][927]Cmd: DELETE
[2017.11.19-23.27.57:119][927]Cmd: ACTOR DELETE
[2017.11.19-23.27.57:120][927]LogEditorActor: Deleted Actor: StaticMeshActor
[2017.11.19-23.27.57:131][927]LogEditorActor: Deleted 1 Actors (0.013 secs)
[2017.11.19-23.28.01:990][213]MapCheck: New page: Map Check
[2017.11.19-23.28.02:005][213]Cmd: MAP REBUILD ALLVISIBLE
[2017.11.19-23.28.02:005][213]LogEditorServer: Rebuildmap Clear paths rebuilt
[2017.11.19-23.28.02:056][213]LogMaterial: Missing cached shader map for material FDebugViewModeMaterialProxy WorldGridMaterial, compiling. Is special engine material.
[2017.11.19-23.28.02:065][213]LogMaterial: Missing cached shader map for material FDebugViewModeMaterialProxy NewMaterial, compiling. 
[2017.11.19-23.28.02:071][213]LogMaterial: Missing cached shader map for material FDebugViewModeMaterialProxy MaterialInstanceDynamic_354, compiling. 
[2017.11.19-23.28.02:081][213]LogMaterial: Missing cached shader map for material FDebugViewModeMaterialProxy PressFoto_500170_Mat, compiling. 
[2017.11.19-23.28.02:089][213]LogMaterial: Missing cached shader map for material FDebugViewModeMaterialProxy luxfon_com_19066_Mat, compiling. 
[2017.11.19-23.28.02:100][213]LogMaterial: Missing cached shader map for material FDebugViewModeMaterialProxy BasicShapeMaterial, compiling. 
[2017.11.19-23.28.02:107][213]LogMaterial: Missing cached shader map for material FDebugViewModeMaterialProxy MaterialInstanceDynamic_363, compiling. 
[2017.11.19-23.28.02:114][213]LogMaterial: Missing cached shader map for material FDebugViewModeMaterialProxy MaterialInstanceDynamic_361, compiling. 
[2017.11.19-23.28.02:119][213]LogMaterial: Missing cached shader map for material FDebugViewModeMaterialProxy MaterialInstanceDynamic_362, compiling. 
[2017.11.19-23.28.02:865][213]TextureStreamingBuild: Display: Compiling optional shaders took 0.814 seconds.
[2017.11.19-23.28.02:872][213]LogLevel: Display: Export Material TexCoord Scales took 0.007 seconds.
[2017.11.19-23.28.02:876][213]TextureStreamingBuild: Display: Build Texture Streaming took 0.003 seconds.
[2017.11.19-23.28.02:885][213]LightingResults: New page: Lighting Build - Nov 19, 2017, 1:28:02 PM
[2017.11.19-23.28.02:890][213]LogSwarmInterface: [OpenConnection] Registering TCP channel ...
[2017.11.19-23.28.02:892][213]LogSwarmInterface: [OpenConnection] Connecting to agent ...
[2017.11.19-23.28.02:892][213]LogSwarmInterface: [TryOpenConnection] Testing the Agent
[2017.11.19-23.28.02:893][213]LogSwarmInterface: [TryOpenConnection] Opening Connection to Agent
[2017.11.19-23.28.02:893][213]LogSwarmInterface: [TryOpenConnection] Local Process ID is 7684
[2017.11.19-23.28.07:411][213]LogStaticLightingSystem: Warning: No importance volume found, so the scene bounding box was used.  You can optimize your scene's quality and lighting build times by adding importance volumes.
[2017.11.19-23.28.07:412][213]LogStaticLightingSystem: Running Lightmass w/ ImmediateImport mode ENABLED
[2017.11.19-23.28.07:412][213]LogStaticLightingSystem: Running Lightmass w/ ImmediateProcess mode ENABLED
[2017.11.19-23.28.07:412][213]LogStaticLightingSystem: Running Lightmass w/ Sorting mode ENABLED
[2017.11.19-23.28.07:412][213]LogStaticLightingSystem: Running Lightmass w/ Mapping paddings ENABLED
[2017.11.19-23.28.07:412][213]LogStaticLightingSystem: Running Lightmass w/ Mapping debug paddings DISABLED
[2017.11.19-23.28.07:563][213]Cmd: MAP CHECK DONTDISPLAYDIALOG
[2017.11.19-23.28.07:563][213]MapCheck: New page: GunSmoke - Nov 19, 2017, 1:28:07 PM
[2017.11.19-23.28.07:607][213]MapCheck: Map check complete: 0 Error(s), 0 Warning(s), took 43.852ms to complete.
[2017.11.19-23.28.07:630][213]LogEditorBuildUtils: Build time 0:05
[2017.11.19-23.28.10:457][352]Job is a success!
[2017.11.19-23.28.10:592][353]LogVolumetricLightmapImport: Imported Volumetric Lightmap in 0.093s
[2017.11.19-23.28.10:593][353]LogVolumetricLightmapImport:      Indirection Texture 16x16x16 = 0.0Mb
[2017.11.19-23.28.10:593][353]LogVolumetricLightmapImport:      BrickData 30x5x5 = 0.0Mb
[2017.11.19-23.28.10:593][353]LogVolumetricLightmapImport:      Bricks at Level
[2017.11.19-23.28.10:593][353]LogVolumetricLightmapImport:          0: 16.7% covering 100.0% of volume
[2017.11.19-23.28.10:593][353]LogVolumetricLightmapImport:          1: 16.7% covering 1.6% of volume
[2017.11.19-23.28.10:593][353]LogVolumetricLightmapImport:          2: 66.7% covering 0.1% of volume
[2017.11.19-23.28.10:663][353]LogTexture: Display: Building textures: LQ_Lightmap_1_1 (DXT1, 256X256)
[2017.11.19-23.28.10:663][353]LogTexture: Display: Building textures: LQ_Lightmap_1_2 (DXT1, 64X64)
[2017.11.19-23.28.10:663][353]LogTexture: Display: Building textures: HQ_Lightmap1_2 (AutoDXT, 64X64)
[2017.11.19-23.28.10:663][353]LogTexture: Display: Building textures: HQ_Lightmap1_1 (AutoDXT, 256X256)
[2017.11.19-23.28.10:663][353]LogTexture: Display: Building textures: ShadowMapTexture2D_7 (G8, 32X32)
[2017.11.19-23.28.10:663][353]LogTexture: Display: Building textures: ShadowMapTexture2D_6 (G8, 256X128)
[2017.11.19-23.28.10:676][353]Lightmass on DESKTOP-3QABCT7: 2.23 sec total, 137 ms importing, 13 ms setup, 392 ms photons, 1.68 sec processing, 0 ms extra exporting [5/5 mappings]. Threads: 11.6 sec total, 370 ms processing.
[2017.11.19-23.28.10:699][353]LogStaticLightingSystem: Illumination: 7.79 sec (42 ms encoding lightmaps, 12 ms encoding shadowmaps)
[2017.11.19-23.28.10:699][353]LogStaticLightingSystem: Lightmap texture memory:  0.1 MB (0.1 MB streaming, 0.0 MB non-streaming), 4 textures
[2017.11.19-23.28.10:699][353]LogStaticLightingSystem: Shadowmap texture memory: 0.0 MB (0.0 MB streaming, 0.0 MB non-streaming), 2 textures
[2017.11.19-23.28.11:417][353]DumpUnbuiltLightIteractions
[2017.11.19-23.28.11:417][353]Lights with unbuilt interactions: 0
[2017.11.19-23.28.11:417][353]
[2017.11.19-23.28.11:417][353]Primitives with unbuilt interactions: 0
[2017.11.19-23.28.11:498][354]Cmd: MAP CHECK NOTIFYRESULTS
[2017.11.19-23.28.11:498][354]MapCheck: New page: GunSmoke - Nov 19, 2017, 1:28:11 PM
[2017.11.19-23.28.11:542][354]MapCheck: Map check complete: 0 Error(s), 0 Warning(s), took 44.609ms to complete.
[2017.11.19-23.28.21:581][955]LogEditorViewport: Clicking on Actor (LMB): StaticMeshActor (Floor)
[2017.11.19-23.28.23:947][ 82]LogSlate: Took 0.039584 seconds to synchronously load lazily loaded font '../../../Engine/Content/Slate/Fonts/Roboto-Light.ttf' (159K)
[2017.11.19-23.28.45:423][322]LogEditorViewport: Clicking on Actor (LMB): StaticMeshActor (Plane2)
[2017.11.19-23.28.59:925][138]LogActorFactory: Actor Factory created Sphere
[2017.11.19-23.29.00:857][186]LogActorFactory: Actor Factory created Sphere
[2017.11.19-23.29.08:961][667]Cmd: EDIT COPY
[2017.11.19-23.29.19:138][264]Cmd: EDIT COPY
[2017.11.19-23.29.34:306][166]Cmd: EDIT COPY
[2017.11.19-23.29.37:316][345]Cmd: EDIT PASTE
[2017.11.19-23.30.03:100][886]LogEditorViewport: Clicking on Actor (LMB): BP_Sky_Sphere_C (Sky Sphere)
[2017.11.19-23.30.03:850][920]LogEditorViewport: Clicking on Actor (LMB): PlayerStart (Player Start)
[2017.11.19-23.30.13:889][513]LogNavigationPoint: PostEditMove Clear paths rebuilt
[2017.11.19-23.30.17:126][696]LogNavigationPoint: PostEditMove Clear paths rebuilt
[2017.11.19-23.30.21:608][964]LogNavigationPoint: PostEditMove Clear paths rebuilt
[2017.11.19-23.30.25:598][194]LogNavigationPoint: PostEditMove Clear paths rebuilt
[2017.11.19-23.30.36:455][843]LogNavigationPoint: PostEditMove Clear paths rebuilt
[2017.11.19-23.30.39:713][ 37]Cmd: OBJ SAVEPACKAGE PACKAGE="/Game/Maps/GunSmoke" FILE="C:/Users/LevaLRS/Desktop/GunSmoke/GunSmokeFP/Content/Maps/GunSmoke.umap" SILENT=true AUTOSAVING=false KEEPDIRTY=false
[2017.11.19-23.30.39:868][ 37]LogSavePackage: Save=134.52ms
[2017.11.19-23.30.39:868][ 37]LogSavePackage: Moving 'C:/Users/LevaLRS/Desktop/GunSmoke/GunSmokeFP/Saved/GunSmoke8A3A8EAE4B21B0A114766CBC9158880E.tmp' to 'C:/Users/LevaLRS/Desktop/GunSmoke/GunSmokeFP/Content/Maps/GunSmoke.umap'
[2017.11.19-23.30.39:871][ 37]LogSavePackage: Display: Finished SavePackage C:/Users/LevaLRS/Desktop/GunSmoke/GunSmokeFP/Content/Maps/GunSmoke.umap
[2017.11.19-23.30.39:910][ 37]Cmd: OBJ SAVEPACKAGE PACKAGE="/Game/Maps/GunSmoke_BuiltData" FILE="C:/Users/LevaLRS/Desktop/GunSmoke/GunSmokeFP/Content/Maps/GunSmoke_BuiltData.uasset" SILENT=true
[2017.11.19-23.30.39:932][ 37]LogSavePackage: Save=14.30ms
[2017.11.19-23.30.39:932][ 37]LogSavePackage: Moving 'C:/Users/LevaLRS/Desktop/GunSmoke/GunSmokeFP/Saved/GunSmoke_BuiltData5613370046C576D51CBEE582E081DF77.tmp' to 'C:/Users/LevaLRS/Desktop/GunSmoke/GunSmokeFP/Content/Maps/GunSmoke_BuiltData.uasset'
[2017.11.19-23.30.39:935][ 37]LogSavePackage: Display: Finished SavePackage C:/Users/LevaLRS/Desktop/GunSmoke/GunSmokeFP/Content/Maps/GunSmoke_BuiltData.uasset
[2017.11.19-23.30.41:552][134]LogTemp: Repeating last play command: Selected Viewport
[2017.11.19-23.30.41:562][134]LogPlayLevel: PlayLevel: No blueprints needed recompiling
[2017.11.19-23.30.41:562][134]PIE: New page: PIE session: GunSmoke (Nov 19, 2017, 1:30:41 PM)
[2017.11.19-23.30.41:562][134]LogPlayLevel: Creating play world package: /Game/Maps/UEDPIE_0_GunSmoke
[2017.11.19-23.30.41:579][134]LogPlayLevel: PIE: StaticDuplicateObject took: (0.017020s)
[2017.11.19-23.30.41:581][134]LogAIModule: Creating AISystem for world GunSmoke
[2017.11.19-23.30.41:583][134]LogPlayLevel: PIE: World Init took: (0.002803s)
[2017.11.19-23.30.41:583][134]LogPlayLevel: PIE: Created PIE world by copying editor world from /Game/Maps/GunSmoke.GunSmoke to /Game/Maps/UEDPIE_0_GunSmoke.GunSmoke (0.020301s)
[2017.11.19-23.30.41:594][134]LogInit: XAudio2 using 'Speakers (Realtek High Definition Audio)' : 2 channels at 48 kHz using 32 bits per sample (channel mask 0x3)
[2017.11.19-23.30.41:630][134]LogInit: FAudioDevice initialized.
[2017.11.19-23.30.41:757][134]LogLoad: Game class is 'GameModeBase'
[2017.11.19-23.30.41:758][134]LogWorld: Bringing World /Game/Maps/UEDPIE_0_GunSmoke.GunSmoke up for play (max tick rate 60) at 2017.11.19-18.30.41
[2017.11.19-23.30.41:758][134]LogWorld: Bringing up level for play took: 0.000713
[2017.11.19-23.30.41:761][134]PIE: Play in editor start time for /Game/Maps/UEDPIE_0_GunSmoke 0.653
[2017.11.19-23.30.53:876][719]Cmd: OBJ SAVEPACKAGE PACKAGE="/Game/Maps/GunSmoke" FILE="C:/Users/LevaLRS/Desktop/GunSmoke/GunSmokeFP/Content/Maps/GunSmoke.umap" SILENT=true AUTOSAVING=false KEEPDIRTY=false
[2017.11.19-23.30.54:022][719]LogSavePackage: Save=130.89ms
[2017.11.19-23.30.54:022][719]LogSavePackage: Moving 'C:/Users/LevaLRS/Desktop/GunSmoke/GunSmokeFP/Saved/GunSmoke1AAE842C466F9340AE2C348F5E38632D.tmp' to 'C:/Users/LevaLRS/Desktop/GunSmoke/GunSmokeFP/Content/Maps/GunSmoke.umap'
[2017.11.19-23.30.54:023][719]LogSavePackage: Display: Finished SavePackage C:/Users/LevaLRS/Desktop/GunSmoke/GunSmokeFP/Content/Maps/GunSmoke.umap
[2017.11.19-23.30.54:039][719]Cmd: OBJ SAVEPACKAGE PACKAGE="/Game/Maps/GunSmoke_BuiltData" FILE="C:/Users/LevaLRS/Desktop/GunSmoke/GunSmokeFP/Content/Maps/GunSmoke_BuiltData.uasset" SILENT=true
[2017.11.19-23.30.54:058][719]LogSavePackage: Save=13.99ms
[2017.11.19-23.30.54:058][719]LogSavePackage: Moving 'C:/Users/LevaLRS/Desktop/GunSmoke/GunSmokeFP/Saved/GunSmoke_BuiltData625611BE46BD4BE34176879A017E3C63.tmp' to 'C:/Users/LevaLRS/Desktop/GunSmoke/GunSmokeFP/Content/Maps/GunSmoke_BuiltData.uasset'
[2017.11.19-23.30.54:060][719]LogSavePackage: Display: Finished SavePackage C:/Users/LevaLRS/Desktop/GunSmoke/GunSmokeFP/Content/Maps/GunSmoke_BuiltData.uasset
[2017.11.19-23.30.57:275][910]Cmd: OBJ SAVEPACKAGE PACKAGE="/Game/Maps/GunSmoke" FILE="C:/Users/LevaLRS/Desktop/GunSmoke/GunSmokeFP/Content/Maps/GunSmoke.umap" SILENT=true AUTOSAVING=false KEEPDIRTY=false
[2017.11.19-23.30.57:425][910]LogSavePackage: Save=132.77ms
[2017.11.19-23.30.57:425][910]LogSavePackage: Moving 'C:/Users/LevaLRS/Desktop/GunSmoke/GunSmokeFP/Saved/GunSmokeBA3E4BB54AC3E6420536BA80639AF7A9.tmp' to 'C:/Users/LevaLRS/Desktop/GunSmoke/GunSmokeFP/Content/Maps/GunSmoke.umap'
[2017.11.19-23.30.57:427][910]LogSavePackage: Display: Finished SavePackage C:/Users/LevaLRS/Desktop/GunSmoke/GunSmokeFP/Content/Maps/GunSmoke.umap
[2017.11.19-23.30.57:444][910]Cmd: OBJ SAVEPACKAGE PACKAGE="/Game/Maps/GunSmoke_BuiltData" FILE="C:/Users/LevaLRS/Desktop/GunSmoke/GunSmokeFP/Content/Maps/GunSmoke_BuiltData.uasset" SILENT=true
[2017.11.19-23.30.57:464][910]LogSavePackage: Save=13.32ms
[2017.11.19-23.30.57:464][910]LogSavePackage: Moving 'C:/Users/LevaLRS/Desktop/GunSmoke/GunSmokeFP/Saved/GunSmoke_BuiltData81780A804ACA7A9DBD2986A42323D977.tmp' to 'C:/Users/LevaLRS/Desktop/GunSmoke/GunSmokeFP/Content/Maps/GunSmoke_BuiltData.uasset'
[2017.11.19-23.30.57:466][910]LogSavePackage: Display: Finished SavePackage C:/Users/LevaLRS/Desktop/GunSmoke/GunSmokeFP/Content/Maps/GunSmoke_BuiltData.uasset
